\BOOKMARK [0][-]{chapter.1}{\376\377\000C\000o\000m\000p\000u\000t\000a\000t\000i\000o\000n\000\040\000i\000n\000\040\000G\000e\000o\000s\000c\000i\000e\000n\000c\000e\000s}{}% 1
\BOOKMARK [1][-]{section.1.1}{\376\377\000S\000o\000l\000v\000i\000n\000g\000\040\000p\000r\000o\000b\000l\000e\000m\000s\000\040\000b\000y\000\040\000c\000o\000m\000p\000u\000t\000a\000t\000i\000o\000n}{chapter.1}% 2
\BOOKMARK [1][-]{section.1.2}{\376\377\000W\000h\000y\000\040\000P\000y\000t\000h\000o\000n\000?}{chapter.1}% 3
\BOOKMARK [1][-]{section.1.3}{\376\377\000I\000n\000s\000t\000a\000l\000l\000i\000n\000g\000\040\000P\000y\000t\000h\000o\000n}{chapter.1}% 4
\BOOKMARK [1][-]{section.1.4}{\376\377\000A\000\040\000f\000i\000r\000s\000t\000\040\000i\000n\000t\000r\000o\000d\000u\000c\000t\000i\000o\000n\000\040\000t\000o\000\040\000P\000y\000t\000h\000o\000n}{chapter.1}% 5
\BOOKMARK [2][-]{subsection.1.4.1}{\376\377\000B\000a\000s\000i\000c\000s}{section.1.4}% 6
\BOOKMARK [2][-]{subsection.1.4.2}{\376\377\000C\000o\000n\000d\000i\000t\000i\000o\000n\000a\000l\000s}{section.1.4}% 7
\BOOKMARK [2][-]{subsection.1.4.3}{\376\377\000L\000o\000o\000p\000s}{section.1.4}% 8
\BOOKMARK [2][-]{subsection.1.4.4}{\376\377\000F\000u\000n\000c\000t\000i\000o\000n\000s\000\040\000a\000n\000d\000\040\000m\000o\000d\000u\000l\000e\000s}{section.1.4}% 9
\BOOKMARK [2][-]{subsection.1.4.5}{\376\377\000M\000a\000t\000h\000e\000m\000a\000t\000i\000c\000s}{section.1.4}% 10
\BOOKMARK [2][-]{subsection.1.4.6}{\376\377\000P\000l\000o\000t\000t\000i\000n\000g}{section.1.4}% 11
\BOOKMARK [1][-]{section.1.5}{\376\377\000E\000x\000e\000r\000c\000i\000s\000e\000s}{chapter.1}% 12
\BOOKMARK [1][-]{figure.1.1}{\376\377\000R\000e\000f\000e\000r\000e\000n\000c\000e\000s}{chapter.1}% 13
\BOOKMARK [0][-]{chapter.2}{\376\377\000U\000n\000d\000e\000r\000s\000t\000a\000n\000d\000i\000n\000g\000\040\000l\000o\000c\000a\000t\000i\000o\000n}{}% 14
\BOOKMARK [1][-]{section.2.1}{\376\377\000L\000o\000c\000a\000t\000i\000o\000n}{chapter.2}% 15
\BOOKMARK [1][-]{section.2.2}{\376\377\000G\000e\000o\000d\000e\000s\000y\000\040\000b\000a\000s\000i\000c\000s}{chapter.2}% 16
\BOOKMARK [2][-]{subsection.2.2.1}{\376\377\000S\000c\000a\000l\000e\000s}{section.2.2}% 17
\BOOKMARK [2][-]{subsection.2.2.2}{\376\377\000A\000u\000t\000h\000a\000l\000i\000c\000\040\000S\000p\000h\000e\000r\000e}{section.2.2}% 18
\BOOKMARK [2][-]{subsection.2.2.3}{\376\377\000E\000l\000l\000i\000p\000s\000o\000i\000d\000a\000l\000\040\000E\000a\000r\000t\000h}{section.2.2}% 19
\BOOKMARK [2][-]{subsection.2.2.4}{\376\377\000G\000e\000o\000i\000d}{section.2.2}% 20
\BOOKMARK [1][-]{section.2.3}{\376\377\000P\000r\000o\000j\000e\000c\000t\000i\000o\000n\000s}{chapter.2}% 21
\BOOKMARK [2][-]{subsection.2.3.1}{\376\377\000D\000i\000s\000t\000o\000r\000t\000i\000o\000n\000s}{section.2.3}% 22
\BOOKMARK [1][-]{section.2.4}{\376\377\000R\000e\000f\000e\000r\000e\000n\000c\000e\000\040\000s\000y\000s\000t\000e\000m\000s\000\040\000a\000n\000d\000\040\000d\000a\000t\000u\000m\000s}{chapter.2}% 23
\BOOKMARK [1][-]{section.2.5}{\376\377\000C\000o\000n\000v\000e\000r\000s\000i\000o\000n\000\040\000v\000s\000.\000\040\000t\000r\000a\000n\000s\000f\000o\000r\000m\000a\000t\000i\000o\000n}{chapter.2}% 24
\BOOKMARK [1][-]{section.2.6}{\376\377\000E\000x\000e\000r\000c\000i\000s\000e\000s}{chapter.2}% 25
\BOOKMARK [1][-]{Item.67}{\376\377\000R\000e\000f\000e\000r\000e\000n\000c\000e\000s}{chapter.2}% 26
\BOOKMARK [0][-]{chapter.3}{\376\377\000G\000e\000o\000l\000o\000g\000i\000c\000a\000l\000\040\000f\000e\000a\000t\000u\000r\000e\000s}{}% 27
\BOOKMARK [1][-]{section.3.1}{\376\377\000P\000r\000i\000m\000i\000t\000i\000v\000e\000\040\000o\000b\000j\000e\000c\000t\000s\000:\000\040\000L\000i\000n\000e\000s\000\040\000a\000n\000d\000\040\000p\000l\000a\000n\000e\000s}{chapter.3}% 28
\BOOKMARK [1][-]{section.3.2}{\376\377\000L\000i\000n\000e\000s\000\040\000a\000n\000d\000\040\000p\000l\000a\000n\000e\000s\000\040\000o\000r\000i\000e\000n\000t\000a\000t\000i\000o\000n\000s}{chapter.3}% 29
\BOOKMARK [2][-]{subsection.3.2.1}{\376\377\000P\000l\000a\000n\000e\000s\000:\000\040\000S\000t\000r\000i\000k\000e\000\040\000a\000n\000d\000\040\000d\000i\000p}{section.3.2}% 30
\BOOKMARK [2][-]{subsection.3.2.2}{\376\377\000L\000i\000n\000e\000s\000:\000\040\000T\000r\000e\000n\000d\000\040\000a\000n\000d\000\040\000p\000l\000u\000n\000g\000e\000\040\000o\000r\000\040\000r\000a\000k\000e}{section.3.2}% 31
\BOOKMARK [2][-]{subsection.3.2.3}{\376\377\000T\000h\000e\000\040\000p\000o\000l\000e\000\040\000t\000o\000\040\000t\000h\000e\000\040\000p\000l\000a\000n\000e}{section.3.2}% 32
\BOOKMARK [2][-]{subsection.3.2.4}{\376\377\000I\000n\000s\000t\000r\000u\000m\000e\000n\000t\000s\000\040\000u\000s\000e\000d\000\040\000i\000n\000\040\000t\000h\000e\000\040\000f\000i\000e\000l\000d}{section.3.2}% 33
\BOOKMARK [2][-]{subsection.3.2.5}{\376\377\000U\000n\000c\000e\000r\000t\000a\000i\000n\000t\000i\000e\000s\000\040\000i\000n\000\040\000o\000r\000i\000e\000n\000t\000a\000t\000i\000o\000n\000s}{section.3.2}% 34
\BOOKMARK [1][-]{section.3.3}{\376\377\000D\000i\000s\000p\000l\000a\000y\000i\000n\000g\000\040\000g\000e\000o\000l\000o\000g\000i\000c\000a\000l\000\040\000f\000e\000a\000t\000u\000r\000e\000s}{chapter.3}% 35
\BOOKMARK [2][-]{subsection.3.3.1}{\376\377\000M\000a\000p\000s}{section.3.3}% 36
\BOOKMARK [2][-]{subsection.3.3.2}{\376\377\000S\000t\000e\000r\000e\000o\000n\000e\000t\000s}{section.3.3}% 37
\BOOKMARK [2][-]{subsection.3.3.3}{\376\377\000P\000l\000o\000t\000t\000i\000n\000g\000\040\000l\000i\000n\000e\000s\000\040\000a\000n\000d\000\040\000p\000o\000l\000e\000s\000\040\000i\000n\000\040\000a\000\040\000s\000t\000e\000r\000e\000o\000n\000e\000t}{section.3.3}% 38
\BOOKMARK [1][-]{section.3.4}{\376\377\000E\000x\000e\000r\000c\000i\000s\000e\000s}{chapter.3}% 39
\BOOKMARK [1][-]{Item.72}{\376\377\000R\000e\000f\000e\000r\000e\000n\000c\000e\000s}{chapter.3}% 40
\BOOKMARK [0][-]{chapter.4}{\376\377\000C\000o\000o\000r\000d\000i\000n\000a\000t\000e\000\040\000s\000y\000s\000t\000e\000m\000s\000\040\000a\000n\000d\000\040\000v\000e\000c\000t\000o\000r\000s}{}% 41
\BOOKMARK [1][-]{section.4.1}{\376\377\000C\000o\000o\000r\000d\000i\000n\000a\000t\000e\000\040\000s\000y\000s\000t\000e\000m\000s}{chapter.4}% 42
\BOOKMARK [1][-]{section.4.2}{\376\377\000V\000e\000c\000t\000o\000r\000s}{chapter.4}% 43
\BOOKMARK [2][-]{subsection.4.2.1}{\376\377\000V\000e\000c\000t\000o\000r\000\040\000c\000o\000m\000p\000o\000n\000e\000n\000t\000s\000,\000\040\000m\000a\000g\000n\000i\000t\000u\000d\000e\000,\000\040\000a\000n\000d\000\040\000u\000n\000i\000t\000\040\000v\000e\000c\000t\000o\000r\000s}{section.4.2}% 44
\BOOKMARK [2][-]{subsection.4.2.2}{\376\377\000V\000e\000c\000t\000o\000r\000\040\000o\000p\000e\000r\000a\000t\000i\000o\000n\000s}{section.4.2}% 45
\BOOKMARK [1][-]{section.4.3}{\376\377\000G\000e\000o\000l\000o\000g\000i\000c\000a\000l\000\040\000f\000e\000a\000t\000u\000r\000e\000s\000\040\000a\000s\000\040\000v\000e\000c\000t\000o\000r\000s}{chapter.4}% 46
\BOOKMARK [2][-]{subsection.4.3.1}{\376\377\000F\000r\000o\000m\000\040\000s\000p\000h\000e\000r\000i\000c\000a\000l\000\040\000t\000o\000\040\000C\000a\000r\000t\000e\000s\000i\000a\000n\000\040\000c\000o\000o\000r\000d\000i\000n\000a\000t\000e\000s}{section.4.3}% 47
\BOOKMARK [2][-]{subsection.4.3.2}{\376\377\000F\000r\000o\000m\000\040\000C\000a\000r\000t\000e\000s\000i\000a\000n\000\040\000t\000o\000\040\000s\000p\000h\000e\000r\000i\000c\000a\000l\000\040\000c\000o\000o\000r\000d\000i\000n\000a\000t\000e\000s}{section.4.3}% 48
\BOOKMARK [1][-]{section.4.4}{\376\377\000A\000p\000p\000l\000i\000c\000a\000t\000i\000o\000n\000s}{chapter.4}% 49
\BOOKMARK [2][-]{subsection.4.4.1}{\376\377\000M\000e\000a\000n\000\040\000v\000e\000c\000t\000o\000r}{section.4.4}% 50
\BOOKMARK [2][-]{subsection.4.4.2}{\376\377\000A\000n\000g\000l\000e\000s\000,\000\040\000i\000n\000t\000e\000r\000s\000e\000c\000t\000i\000o\000n\000s\000,\000\040\000a\000n\000d\000\040\000p\000o\000l\000e\000s}{section.4.4}% 51
\BOOKMARK [2][-]{subsection.4.4.3}{\376\377\000T\000h\000r\000e\000e\000\040\000p\000o\000i\000n\000t\000s\000\040\000p\000r\000o\000b\000l\000e\000m}{section.4.4}% 52
\BOOKMARK [1][-]{section.4.5}{\376\377\000U\000n\000c\000e\000r\000t\000a\000i\000n\000t\000i\000e\000s}{chapter.4}% 53
\BOOKMARK [1][-]{section.4.6}{\376\377\000E\000x\000e\000r\000c\000i\000s\000e\000s}{chapter.4}% 54
\BOOKMARK [1][-]{Item.93}{\376\377\000R\000e\000f\000e\000r\000e\000n\000c\000e\000s}{chapter.4}% 55
\BOOKMARK [0][-]{chapter.5}{\376\377\000T\000r\000a\000n\000s\000f\000o\000r\000m\000a\000t\000i\000o\000n\000s}{}% 56
\BOOKMARK [1][-]{section.5.1}{\376\377\000T\000r\000a\000n\000s\000f\000o\000r\000m\000i\000n\000g\000\040\000c\000o\000o\000r\000d\000i\000n\000a\000t\000e\000s\000\040\000a\000n\000d\000\040\000v\000e\000c\000t\000o\000r\000s}{chapter.5}% 57
\BOOKMARK [2][-]{subsection.5.1.1}{\376\377\000C\000o\000o\000r\000d\000i\000n\000a\000t\000e\000\040\000t\000r\000a\000n\000s\000f\000o\000r\000m\000a\000t\000i\000o\000n\000s}{section.5.1}% 58
\BOOKMARK [2][-]{subsection.5.1.2}{\376\377\000T\000r\000a\000n\000s\000f\000o\000r\000m\000a\000t\000i\000o\000n\000\040\000o\000f\000\040\000v\000e\000c\000t\000o\000r\000s}{section.5.1}% 59
\BOOKMARK [2][-]{subsection.5.1.3}{\376\377\000A\000\040\000s\000i\000m\000p\000l\000e\000\040\000t\000r\000a\000n\000s\000f\000o\000r\000m\000a\000t\000i\000o\000n\000:\000\040\000F\000r\000o\000m\000\040\000E\000N\000U\000\040\000t\000o\000\040\000N\000E\000D}{section.5.1}% 60
\BOOKMARK [1][-]{section.5.2}{\376\377\000A\000p\000p\000l\000i\000c\000a\000t\000i\000o\000n\000s}{chapter.5}% 61
\BOOKMARK [2][-]{subsection.5.2.1}{\376\377\000S\000t\000r\000a\000t\000i\000g\000r\000a\000p\000h\000i\000c\000\040\000t\000h\000i\000c\000k\000n\000e\000s\000s}{section.5.2}% 62
\BOOKMARK [2][-]{subsection.5.2.2}{\376\377\000O\000u\000t\000c\000r\000o\000p\000\040\000t\000r\000a\000c\000e\000\040\000o\000f\000\040\000a\000\040\000p\000l\000a\000n\000e}{section.5.2}% 63
\BOOKMARK [2][-]{subsection.5.2.3}{\376\377\000D\000o\000w\000n\000-\000p\000l\000u\000n\000g\000e\000\040\000p\000r\000o\000j\000e\000c\000t\000i\000o\000n}{section.5.2}% 64
\BOOKMARK [2][-]{subsection.5.2.4}{\376\377\000R\000o\000t\000a\000t\000i\000o\000n\000s}{section.5.2}% 65
\BOOKMARK [2][-]{subsection.5.2.5}{\376\377\000P\000l\000o\000t\000t\000i\000n\000g\000\040\000g\000r\000e\000a\000t\000\040\000a\000n\000d\000\040\000s\000m\000a\000l\000l\000\040\000c\000i\000r\000c\000l\000e\000s\000\040\000u\000s\000i\000n\000g\000\040\000r\000o\000t\000a\000t\000i\000o\000n\000s}{section.5.2}% 66
\BOOKMARK [1][-]{section.5.3}{\376\377\000E\000x\000e\000r\000c\000i\000s\000e\000s}{chapter.5}% 67
\BOOKMARK [1][-]{Item.110}{\376\377\000R\000e\000f\000e\000r\000e\000n\000c\000e\000s}{chapter.5}% 68
\BOOKMARK [0][-]{chapter.6}{\376\377\000T\000e\000n\000s\000o\000r\000s}{}% 69
\BOOKMARK [1][-]{section.6.1}{\376\377\000B\000a\000s\000i\000c\000\040\000c\000h\000a\000r\000a\000c\000t\000e\000r\000i\000s\000t\000i\000c\000s\000\040\000o\000f\000\040\000a\000\040\000t\000e\000n\000s\000o\000r}{chapter.6}% 70
\BOOKMARK [1][-]{section.6.2}{\376\377\000P\000r\000i\000n\000c\000i\000p\000a\000l\000\040\000a\000x\000e\000s\000\040\000o\000f\000\040\000a\000\040\000t\000e\000n\000s\000o\000r}{chapter.6}% 71
\BOOKMARK [1][-]{section.6.3}{\376\377\000T\000e\000n\000s\000o\000r\000s\000\040\000a\000s\000\040\000v\000e\000c\000t\000o\000r\000\040\000o\000p\000e\000r\000a\000t\000o\000r\000s}{chapter.6}% 72
\BOOKMARK [1][-]{section.6.4}{\376\377\000T\000e\000n\000s\000o\000r\000\040\000t\000r\000a\000n\000s\000f\000o\000r\000m\000a\000t\000i\000o\000n\000s}{chapter.6}% 73
\BOOKMARK [2][-]{subsection.6.4.1}{\376\377\000T\000h\000e\000\040\000M\000o\000h\000r\000\040\000c\000i\000r\000c\000l\000e}{section.6.4}% 74
\BOOKMARK [1][-]{section.6.5}{\376\377\000T\000h\000e\000\040\000o\000r\000i\000e\000n\000t\000a\000t\000i\000o\000n\000\040\000t\000e\000n\000s\000o\000r}{chapter.6}% 75
\BOOKMARK [2][-]{subsection.6.5.1}{\376\377\000B\000e\000s\000t\000-\000f\000i\000t\000\040\000f\000o\000l\000d\000\040\000a\000x\000i\000s}{section.6.5}% 76
\BOOKMARK [2][-]{subsection.6.5.2}{\376\377\000L\000i\000n\000e\000\040\000d\000i\000s\000t\000r\000i\000b\000u\000t\000i\000o\000n\000s}{section.6.5}% 77
\BOOKMARK [2][-]{subsection.6.5.3}{\376\377\000B\000e\000s\000t\000-\000f\000i\000t\000\040\000p\000l\000a\000n\000e}{section.6.5}% 78
\BOOKMARK [1][-]{section.6.6}{\376\377\000E\000x\000e\000r\000c\000i\000s\000e\000s}{chapter.6}% 79
\BOOKMARK [0][-]{chapter.7}{\376\377\000S\000t\000r\000e\000s\000s}{}% 80
\BOOKMARK [1][-]{section.7.1}{\376\377\000T\000h\000e\000\040\000s\000t\000r\000e\000s\000s\000\040\000t\000e\000n\000s\000o\000r}{chapter.7}% 81
\BOOKMARK [2][-]{subsection.7.1.1}{\376\377\000C\000a\000u\000c\000h\000y\000'\000s\000\040\000l\000a\000w}{section.7.1}% 82
\BOOKMARK [2][-]{subsection.7.1.2}{\376\377\000S\000t\000r\000e\000s\000s\000\040\000t\000r\000a\000n\000s\000f\000o\000r\000m\000a\000t\000i\000o\000n}{section.7.1}% 83
\BOOKMARK [2][-]{subsection.7.1.3}{\376\377\000P\000r\000i\000n\000c\000i\000p\000a\000l\000\040\000a\000x\000e\000s\000\040\000o\000f\000\040\000s\000t\000r\000e\000s\000s}{section.7.1}% 84
\BOOKMARK [1][-]{section.7.2}{\376\377\000M\000o\000h\000r\000\040\000c\000i\000r\000c\000l\000e\000\040\000f\000o\000r\000\040\000s\000t\000r\000e\000s\000s}{chapter.7}% 85
\BOOKMARK [2][-]{subsection.7.2.1}{\376\377\000S\000p\000e\000c\000i\000a\000l\000\040\000s\000t\000a\000t\000e\000s\000\040\000o\000f\000\040\000s\000t\000r\000e\000s\000s}{section.7.2}% 86
\BOOKMARK [1][-]{section.7.3}{\376\377\000M\000e\000a\000n\000\040\000a\000n\000d\000\040\000d\000e\000v\000i\000a\000t\000o\000r\000i\000c\000\040\000s\000t\000r\000e\000s\000s}{chapter.7}% 87
\BOOKMARK [1][-]{section.7.4}{\376\377\000A\000p\000p\000l\000i\000c\000a\000t\000i\000o\000n\000s}{chapter.7}% 88
\BOOKMARK [2][-]{subsection.7.4.1}{\376\377\000N\000o\000r\000m\000a\000l\000\040\000a\000n\000d\000\040\000s\000h\000e\000a\000r\000\040\000t\000r\000a\000c\000t\000i\000o\000n\000s\000\040\000o\000n\000\040\000a\000\040\000p\000l\000a\000n\000e}{section.7.4}% 89
\BOOKMARK [2][-]{subsection.7.4.2}{\376\377\000T\000h\000e\000\040\000M\000o\000h\000r\000\040\000c\000i\000r\000c\000l\000e\000\040\000f\000o\000r\000\040\000s\000t\000r\000e\000s\000s\000\040\000i\000n\000\040\0003\000D}{section.7.4}% 90
\BOOKMARK [1][-]{section.7.5}{\376\377\000E\000x\000e\000r\000c\000i\000s\000e\000s}{chapter.7}% 91
\BOOKMARK [0][-]{chapter.8}{\376\377\000S\000t\000r\000a\000i\000n}{}% 92
\BOOKMARK [1][-]{section.8.1}{\376\377\000D\000e\000f\000o\000r\000m\000a\000t\000i\000o\000n\000\040\000a\000n\000d\000\040\000s\000t\000r\000a\000i\000n}{chapter.8}% 93
\BOOKMARK [1][-]{section.8.2}{\376\377\000D\000e\000f\000o\000r\000m\000a\000t\000i\000o\000n\000\040\000a\000n\000d\000\040\000d\000i\000s\000p\000l\000a\000c\000e\000m\000e\000n\000t\000\040\000g\000r\000a\000d\000i\000e\000n\000t\000s}{chapter.8}% 94
\BOOKMARK [1][-]{section.8.3}{\376\377\000I\000n\000f\000i\000n\000i\000t\000e\000s\000i\000m\000a\000l\000\040\000s\000t\000r\000a\000i\000n}{chapter.8}% 95
\BOOKMARK [2][-]{subsection.8.3.1}{\376\377\000M\000o\000h\000r\000\040\000c\000i\000r\000c\000l\000e\000\040\000f\000o\000r\000\040\000i\000n\000f\000i\000n\000i\000t\000e\000s\000i\000m\000a\000l\000\040\000s\000t\000r\000a\000i\000n}{section.8.3}% 96
\BOOKMARK [2][-]{subsection.8.3.2}{\376\377\000A\000p\000p\000l\000i\000c\000a\000t\000i\000o\000n\000s\000\040\000o\000f\000\040\000I\000n\000f\000i\000n\000i\000t\000e\000s\000i\000m\000a\000l\000\040\000S\000t\000r\000a\000i\000n}{section.8.3}% 97
\BOOKMARK [1][-]{section.8.4}{\376\377\000F\000i\000n\000i\000t\000e\000\040\000s\000t\000r\000a\000i\000n}{chapter.8}% 98
\BOOKMARK [2][-]{subsection.8.4.1}{\376\377\000M\000o\000h\000r\000\040\000c\000i\000r\000c\000l\000e\000\040\000f\000o\000r\000\040\000f\000i\000n\000i\000t\000e\000\040\000s\000t\000r\000a\000i\000n}{section.8.4}% 99
\BOOKMARK [2][-]{subsection.8.4.2}{\376\377\0002\000D\000\040\000f\000i\000n\000i\000t\000e\000\040\000s\000t\000r\000a\000i\000n\000\040\000f\000r\000o\000m\000\040\000d\000i\000s\000p\000l\000a\000c\000e\000m\000e\000n\000t\000\040\000d\000a\000t\000a}{section.8.4}% 100
\BOOKMARK [1][-]{section.8.5}{\376\377\000P\000r\000o\000g\000r\000e\000s\000s\000i\000v\000e\000\040\000s\000t\000r\000a\000i\000n}{chapter.8}% 101
\BOOKMARK [2][-]{subsection.8.5.1}{\376\377\000P\000u\000r\000e\000\040\000s\000h\000e\000a\000r}{section.8.5}% 102
\BOOKMARK [2][-]{subsection.8.5.2}{\376\377\000S\000i\000m\000p\000l\000e\000\040\000s\000h\000e\000a\000r}{section.8.5}% 103
\BOOKMARK [2][-]{subsection.8.5.3}{\376\377\000G\000e\000n\000e\000r\000a\000l\000\040\000s\000h\000e\000a\000r}{section.8.5}% 104
\BOOKMARK [1][-]{section.8.6}{\376\377\000E\000x\000e\000r\000c\000i\000s\000e\000s}{chapter.8}% 105
\BOOKMARK [0][-]{chapter.9}{\376\377\000E\000l\000a\000s\000t\000i\000c\000i\000t\000y}{}% 106
\BOOKMARK [1][-]{section.9.1}{\376\377\000T\000h\000e\000o\000r\000y}{chapter.9}% 107
\BOOKMARK [2][-]{subsection.9.1.1}{\376\377\000H\000o\000r\000i\000z\000o\000n\000t\000a\000l\000\040\000s\000t\000r\000e\000s\000s\000\040\000i\000n\000\040\000t\000h\000e\000\040\000c\000r\000u\000s\000t}{section.9.1}% 108
\BOOKMARK [1][-]{section.9.2}{\376\377\000A\000p\000p\000l\000i\000c\000a\000t\000i\000o\000n\000s}{chapter.9}% 109
\BOOKMARK [2][-]{subsection.9.2.1}{\376\377\000S\000t\000r\000e\000s\000s\000e\000s\000\040\000a\000r\000o\000u\000n\000d\000\040\000a\000\040\000c\000i\000r\000c\000u\000l\000a\000r\000\040\000h\000o\000l\000e}{section.9.2}% 110
\BOOKMARK [2][-]{subsection.9.2.2}{\376\377\000L\000i\000t\000h\000o\000s\000p\000h\000e\000r\000i\000c\000\040\000f\000l\000e\000x\000u\000r\000e}{section.9.2}% 111
\BOOKMARK [2][-]{subsection.9.2.3}{\376\377\000F\000a\000u\000l\000t\000s\000\040\000a\000s\000\040\000e\000l\000a\000s\000t\000i\000c\000\040\000d\000i\000s\000l\000o\000c\000a\000t\000i\000o\000n\000s}{section.9.2}% 112
\BOOKMARK [2][-]{subsection.9.2.4}{\376\377\000W\000a\000v\000e\000\040\000p\000r\000o\000p\000a\000g\000a\000t\000i\000o\000n}{section.9.2}% 113
\BOOKMARK [1][-]{section.9.3}{\376\377\000E\000x\000e\000r\000c\000i\000s\000e\000s}{chapter.9}% 114
