This is pdfTeX, Version 3.141592653-2.6-1.40.24 (MiKTeX 23.1) (preloaded format=pdflatex 2023.2.18)  18 FEB 2023 14:37
entering extended mode
 restricted \write18 enabled.
 %&-line parsing enabled.
**./compgeo_main.tex
(compgeo_main.tex
LaTeX2e <2022-11-01> patch level 1
L3 programming layer <2023-02-02>
(C:\Users\AlexAntunes\AppData\Local\Programs\MiKTeX\tex/latex/base\book.cls
Document Class: book 2022/07/02 v1.4n Standard LaTeX document class
(C:\Users\AlexAntunes\AppData\Local\Programs\MiKTeX\tex/latex/base\bk12.clo
File: bk12.clo 2022/07/02 v1.4n Standard LaTeX file (size option)
)
\c@part=\count185
\c@chapter=\count186
\c@section=\count187
\c@subsection=\count188
\c@subsubsection=\count189
\c@paragraph=\count190
\c@subparagraph=\count191
\c@figure=\count192
\c@table=\count193
\abovecaptionskip=\skip48
\belowcaptionskip=\skip49
\bibindent=\dimen140
)
(C:\Users\AlexAntunes\AppData\Local\Programs\MiKTeX\tex/latex/base\inputenc.sty
Package: inputenc 2021/02/14 v1.3d Input encoding file
\inpenc@prehook=\toks16
\inpenc@posthook=\toks17
)
(C:\Users\AlexAntunes\AppData\Local\Programs\MiKTeX\tex/generic/babel\babel.sty
Package: babel 2022/01/23 3.85 The Babel package
\babel@savecnt=\count194
\U@D=\dimen141
\l@unhyphenated=\language79

(C:\Users\AlexAntunes\AppData\Local\Programs\MiKTeX\tex/generic/babel\txtbabel.
def)
\bbl@readstream=\read2
\bbl@dirlevel=\count195

*************************************
* Local config file bblopts.cfg used
*

(C:\Users\AlexAntunes\AppData\Local\Programs\MiKTeX\tex/latex/arabi\bblopts.cfg
File: bblopts.cfg 2005/09/08 v0.1 add Arabic and Farsi to "declared" options of
 babel
)
(C:\Users\AlexAntunes\AppData\Local\Programs\MiKTeX\tex/latex/babel-english\eng
lish.ldf
Language: english 2017/06/06 v3.3r English support from the babel system
Package babel Info: Hyphen rules for 'canadian' set to \l@english
(babel)             (\language0). Reported on input line 102.
Package babel Info: Hyphen rules for 'australian' set to \l@ukenglish
(babel)             (\language73). Reported on input line 105.
Package babel Info: Hyphen rules for 'newzealand' set to \l@ukenglish
(babel)             (\language73). Reported on input line 108.
))
(C:\Users\AlexAntunes\AppData\Local\Programs\MiKTeX\tex/generic/babel/locale/en
\babel-english.tex
Package babel Info: Importing font and identification data for english
(babel)             from babel-en.ini. Reported on input line 11.
)
(C:\Users\AlexAntunes\AppData\Local\Programs\MiKTeX\tex/latex/mathtools\mathtoo
ls.sty
Package: mathtools 2022/06/29 v1.29 mathematical typesetting tools

(C:\Users\AlexAntunes\AppData\Local\Programs\MiKTeX\tex/latex/graphics\keyval.s
ty
Package: keyval 2022/05/29 v1.15 key=value parser (DPC)
\KV@toks@=\toks18
)
(C:\Users\AlexAntunes\AppData\Local\Programs\MiKTeX\tex/latex/tools\calc.sty
Package: calc 2017/05/25 v4.3 Infix arithmetic (KKT,FJ)
\calc@Acount=\count196
\calc@Bcount=\count197
\calc@Adimen=\dimen142
\calc@Bdimen=\dimen143
\calc@Askip=\skip50
\calc@Bskip=\skip51
LaTeX Info: Redefining \setlength on input line 80.
LaTeX Info: Redefining \addtolength on input line 81.
\calc@Ccount=\count198
\calc@Cskip=\skip52
)
(C:\Users\AlexAntunes\AppData\Local\Programs\MiKTeX\tex/latex/mathtools\mhsetup
.sty
Package: mhsetup 2021/03/18 v1.4 programming setup (MH)
)
(C:\Users\AlexAntunes\AppData\Local\Programs\MiKTeX\tex/latex/amsmath\amsmath.s
ty
Package: amsmath 2022/04/08 v2.17n AMS math features
\@mathmargin=\skip53

For additional information on amsmath, use the `?' option.

(C:\Users\AlexAntunes\AppData\Local\Programs\MiKTeX\tex/latex/amsmath\amstext.s
ty
Package: amstext 2021/08/26 v2.01 AMS text

(C:\Users\AlexAntunes\AppData\Local\Programs\MiKTeX\tex/latex/amsmath\amsgen.st
y
File: amsgen.sty 1999/11/30 v2.0 generic functions
\@emptytoks=\toks19
\ex@=\dimen144
))
(C:\Users\AlexAntunes\AppData\Local\Programs\MiKTeX\tex/latex/amsmath\amsbsy.st
y
Package: amsbsy 1999/11/29 v1.2d Bold Symbols
\pmbraise@=\dimen145
)
(C:\Users\AlexAntunes\AppData\Local\Programs\MiKTeX\tex/latex/amsmath\amsopn.st
y
Package: amsopn 2022/04/08 v2.04 operator names
)
\inf@bad=\count199
LaTeX Info: Redefining \frac on input line 234.
\uproot@=\count266
\leftroot@=\count267
LaTeX Info: Redefining \overline on input line 399.
LaTeX Info: Redefining \colon on input line 410.
\classnum@=\count268
\DOTSCASE@=\count269
LaTeX Info: Redefining \ldots on input line 496.
LaTeX Info: Redefining \dots on input line 499.
LaTeX Info: Redefining \cdots on input line 620.
\Mathstrutbox@=\box51
\strutbox@=\box52
LaTeX Info: Redefining \big on input line 722.
LaTeX Info: Redefining \Big on input line 723.
LaTeX Info: Redefining \bigg on input line 724.
LaTeX Info: Redefining \Bigg on input line 725.
\big@size=\dimen146
LaTeX Font Info:    Redeclaring font encoding OML on input line 743.
LaTeX Font Info:    Redeclaring font encoding OMS on input line 744.
\macc@depth=\count270
LaTeX Info: Redefining \bmod on input line 905.
LaTeX Info: Redefining \pmod on input line 910.
LaTeX Info: Redefining \smash on input line 940.
LaTeX Info: Redefining \relbar on input line 970.
LaTeX Info: Redefining \Relbar on input line 971.
\c@MaxMatrixCols=\count271
\dotsspace@=\muskip16
\c@parentequation=\count272
\dspbrk@lvl=\count273
\tag@help=\toks20
\row@=\count274
\column@=\count275
\maxfields@=\count276
\andhelp@=\toks21
\eqnshift@=\dimen147
\alignsep@=\dimen148
\tagshift@=\dimen149
\tagwidth@=\dimen150
\totwidth@=\dimen151
\lineht@=\dimen152
\@envbody=\toks22
\multlinegap=\skip54
\multlinetaggap=\skip55
\mathdisplay@stack=\toks23
LaTeX Info: Redefining \[ on input line 2953.
LaTeX Info: Redefining \] on input line 2954.
)
\g_MT_multlinerow_int=\count277
\l_MT_multwidth_dim=\dimen153
\origjot=\skip56
\l_MT_shortvdotswithinadjustabove_dim=\dimen154
\l_MT_shortvdotswithinadjustbelow_dim=\dimen155
\l_MT_above_intertext_sep=\dimen156
\l_MT_below_intertext_sep=\dimen157
\l_MT_above_shortintertext_sep=\dimen158
\l_MT_below_shortintertext_sep=\dimen159
\xmathstrut@box=\box53
\xmathstrut@dim=\dimen160
)
(C:\Users\AlexAntunes\AppData\Local\Programs\MiKTeX\tex/latex/listings\listings
.sty
\lst@mode=\count278
\lst@gtempboxa=\box54
\lst@token=\toks24
\lst@length=\count279
\lst@currlwidth=\dimen161
\lst@column=\count280
\lst@pos=\count281
\lst@lostspace=\dimen162
\lst@width=\dimen163
\lst@newlines=\count282
\lst@lineno=\count283
\lst@maxwidth=\dimen164

(C:\Users\AlexAntunes\AppData\Local\Programs\MiKTeX\tex/latex/listings\lstmisc.
sty
File: lstmisc.sty 2020/03/24 1.8d (Carsten Heinz)
\c@lstnumber=\count284
\lst@skipnumbers=\count285
\lst@framebox=\box55
)
(C:\Users\AlexAntunes\AppData\Local\Programs\MiKTeX\tex/latex/listings\listings
.cfg
File: listings.cfg 2020/03/24 1.8d listings configuration
))
Package: listings 2020/03/24 1.8d (Carsten Heinz)

(C:\Users\AlexAntunes\AppData\Local\Programs\MiKTeX\tex/latex/xcolor\xcolor.sty
Package: xcolor 2022/06/12 v2.14 LaTeX color extensions (UK)

(C:\Users\AlexAntunes\AppData\Local\Programs\MiKTeX\tex/latex/graphics-cfg\colo
r.cfg
File: color.cfg 2016/01/02 v1.6 sample color configuration
)
Package xcolor Info: Driver file: pdftex.def on input line 227.

(C:\Users\AlexAntunes\AppData\Local\Programs\MiKTeX\tex/latex/graphics-def\pdft
ex.def
File: pdftex.def 2022/09/22 v1.2b Graphics/color driver for pdftex
)
(C:\Users\AlexAntunes\AppData\Local\Programs\MiKTeX\tex/latex/graphics\mathcolo
r.ltx)
Package xcolor Info: Model `cmy' substituted by `cmy0' on input line 1353.
Package xcolor Info: Model `hsb' substituted by `rgb' on input line 1357.
Package xcolor Info: Model `RGB' extended on input line 1369.
Package xcolor Info: Model `HTML' substituted by `rgb' on input line 1371.
Package xcolor Info: Model `Hsb' substituted by `hsb' on input line 1372.
Package xcolor Info: Model `tHsb' substituted by `hsb' on input line 1373.
Package xcolor Info: Model `HSB' substituted by `hsb' on input line 1374.
Package xcolor Info: Model `Gray' substituted by `gray' on input line 1375.
Package xcolor Info: Model `wave' substituted by `hsb' on input line 1376.
)
(C:\Users\AlexAntunes\AppData\Local\Programs\MiKTeX\tex/latex/hyperref\hyperref
.sty
Package: hyperref 2022-11-13 v7.00u Hypertext links for LaTeX

(C:\Users\AlexAntunes\AppData\Local\Programs\MiKTeX\tex/generic/ltxcmds\ltxcmds
.sty
Package: ltxcmds 2020-05-10 v1.25 LaTeX kernel commands for general use (HO)
)
(C:\Users\AlexAntunes\AppData\Local\Programs\MiKTeX\tex/generic/iftex\iftex.sty
Package: iftex 2022/02/03 v1.0f TeX engine tests
)
(C:\Users\AlexAntunes\AppData\Local\Programs\MiKTeX\tex/generic/pdftexcmds\pdft
excmds.sty
Package: pdftexcmds 2020-06-27 v0.33 Utility functions of pdfTeX for LuaTeX (HO
)

(C:\Users\AlexAntunes\AppData\Local\Programs\MiKTeX\tex/generic/infwarerr\infwa
rerr.sty
Package: infwarerr 2019/12/03 v1.5 Providing info/warning/error messages (HO)
)
Package pdftexcmds Info: \pdf@primitive is available.
Package pdftexcmds Info: \pdf@ifprimitive is available.
Package pdftexcmds Info: \pdfdraftmode found.
)
(C:\Users\AlexAntunes\AppData\Local\Programs\MiKTeX\tex/latex/kvsetkeys\kvsetke
ys.sty
Package: kvsetkeys 2022-10-05 v1.19 Key value parser (HO)
)
(C:\Users\AlexAntunes\AppData\Local\Programs\MiKTeX\tex/generic/kvdefinekeys\kv
definekeys.sty
Package: kvdefinekeys 2019-12-19 v1.6 Define keys (HO)
)
(C:\Users\AlexAntunes\AppData\Local\Programs\MiKTeX\tex/generic/pdfescape\pdfes
cape.sty
Package: pdfescape 2019/12/09 v1.15 Implements pdfTeX's escape features (HO)
)
(C:\Users\AlexAntunes\AppData\Local\Programs\MiKTeX\tex/latex/hycolor\hycolor.s
ty
Package: hycolor 2020-01-27 v1.10 Color options for hyperref/bookmark (HO)
)
(C:\Users\AlexAntunes\AppData\Local\Programs\MiKTeX\tex/latex/letltxmacro\letlt
xmacro.sty
Package: letltxmacro 2019/12/03 v1.6 Let assignment for LaTeX macros (HO)
)
(C:\Users\AlexAntunes\AppData\Local\Programs\MiKTeX\tex/latex/auxhook\auxhook.s
ty
Package: auxhook 2019-12-17 v1.6 Hooks for auxiliary files (HO)
)
(C:\Users\AlexAntunes\AppData\Local\Programs\MiKTeX\tex/latex/hyperref\nameref.
sty
Package: nameref 2022-05-17 v2.50 Cross-referencing by name of section

(C:\Users\AlexAntunes\AppData\Local\Programs\MiKTeX\tex/latex/refcount\refcount
.sty
Package: refcount 2019/12/15 v3.6 Data extraction from label references (HO)
)
(C:\Users\AlexAntunes\AppData\Local\Programs\MiKTeX\tex/generic/gettitlestring\
gettitlestring.sty
Package: gettitlestring 2019/12/15 v1.6 Cleanup title references (HO)

(C:\Users\AlexAntunes\AppData\Local\Programs\MiKTeX\tex/latex/kvoptions\kvoptio
ns.sty
Package: kvoptions 2022-06-15 v3.15 Key value format for package options (HO)
))
\c@section@level=\count286
)
\@linkdim=\dimen165
\Hy@linkcounter=\count287
\Hy@pagecounter=\count288

(C:\Users\AlexAntunes\AppData\Local\Programs\MiKTeX\tex/latex/hyperref\pd1enc.d
ef
File: pd1enc.def 2022-11-13 v7.00u Hyperref: PDFDocEncoding definition (HO)
Now handling font encoding PD1 ...
... no UTF-8 mapping file for font encoding PD1
)
(C:\Users\AlexAntunes\AppData\Local\Programs\MiKTeX\tex/generic/intcalc\intcalc
.sty
Package: intcalc 2019/12/15 v1.3 Expandable calculations with integers (HO)
)
(C:\Users\AlexAntunes\AppData\Local\Programs\MiKTeX\tex/generic/etexcmds\etexcm
ds.sty
Package: etexcmds 2019/12/15 v1.7 Avoid name clashes with e-TeX commands (HO)
)
\Hy@SavedSpaceFactor=\count289

(C:\Users\AlexAntunes\AppData\Local\Programs\MiKTeX\tex/latex/hyperref\puenc.de
f
File: puenc.def 2022-11-13 v7.00u Hyperref: PDF Unicode definition (HO)
Now handling font encoding PU ...
... no UTF-8 mapping file for font encoding PU
)
Package hyperref Info: Hyper figures OFF on input line 4162.
Package hyperref Info: Link nesting OFF on input line 4167.
Package hyperref Info: Hyper index ON on input line 4170.
Package hyperref Info: Plain pages OFF on input line 4177.
Package hyperref Info: Backreferencing OFF on input line 4182.
Package hyperref Info: Implicit mode ON; LaTeX internals redefined.
Package hyperref Info: Bookmarks ON on input line 4410.
\c@Hy@tempcnt=\count290
 (C:\Users\AlexAntunes\AppData\Local\Programs\MiKTeX\tex/latex/url\url.sty
\Urlmuskip=\muskip17
Package: url 2013/09/16  ver 3.4  Verb mode for urls, etc.
)
LaTeX Info: Redefining \url on input line 4748.
\XeTeXLinkMargin=\dimen166

(C:\Users\AlexAntunes\AppData\Local\Programs\MiKTeX\tex/generic/bitset\bitset.s
ty
Package: bitset 2019/12/09 v1.3 Handle bit-vector datatype (HO)

(C:\Users\AlexAntunes\AppData\Local\Programs\MiKTeX\tex/generic/bigintcalc\bigi
ntcalc.sty
Package: bigintcalc 2019/12/15 v1.5 Expandable calculations on big integers (HO
)
))
\Fld@menulength=\count291
\Field@Width=\dimen167
\Fld@charsize=\dimen168
Package hyperref Info: Hyper figures OFF on input line 6027.
Package hyperref Info: Link nesting OFF on input line 6032.
Package hyperref Info: Hyper index ON on input line 6035.
Package hyperref Info: backreferencing OFF on input line 6042.
Package hyperref Info: Link coloring OFF on input line 6047.
Package hyperref Info: Link coloring with OCG OFF on input line 6052.
Package hyperref Info: PDF/A mode OFF on input line 6057.

(C:\Users\AlexAntunes\AppData\Local\Programs\MiKTeX\tex/latex/base\atbegshi-ltx
.sty
Package: atbegshi-ltx 2021/01/10 v1.0c Emulation of the original atbegshi
package with kernel methods
)
\Hy@abspage=\count292
\c@Item=\count293
\c@Hfootnote=\count294
)
Package hyperref Info: Driver (autodetected): hpdftex.

(C:\Users\AlexAntunes\AppData\Local\Programs\MiKTeX\tex/latex/hyperref\hpdftex.
def
File: hpdftex.def 2022-11-13 v7.00u Hyperref driver for pdfTeX

(C:\Users\AlexAntunes\AppData\Local\Programs\MiKTeX\tex/latex/base\atveryend-lt
x.sty
Package: atveryend-ltx 2020/08/19 v1.0a Emulation of the original atveryend pac
kage
with kernel methods
)
\Fld@listcount=\count295
\c@bookmark@seq@number=\count296

(C:\Users\AlexAntunes\AppData\Local\Programs\MiKTeX\tex/latex/rerunfilecheck\re
runfilecheck.sty
Package: rerunfilecheck 2022-07-10 v1.10 Rerun checks for auxiliary files (HO)

(C:\Users\AlexAntunes\AppData\Local\Programs\MiKTeX\tex/generic/uniquecounter\u
niquecounter.sty
Package: uniquecounter 2019/12/15 v1.4 Provide unlimited unique counter (HO)
)
Package uniquecounter Info: New unique counter `rerunfilecheck' on input line 2
85.
)
\Hy@SectionHShift=\skip57
)
(C:\Users\AlexAntunes\AppData\Local\Programs\MiKTeX\tex/latex/graphics\graphicx
.sty
Package: graphicx 2021/09/16 v1.2d Enhanced LaTeX Graphics (DPC,SPQR)

(C:\Users\AlexAntunes\AppData\Local\Programs\MiKTeX\tex/latex/graphics\graphics
.sty
Package: graphics 2022/03/10 v1.4e Standard LaTeX Graphics (DPC,SPQR)

(C:\Users\AlexAntunes\AppData\Local\Programs\MiKTeX\tex/latex/graphics\trig.sty
Package: trig 2021/08/11 v1.11 sin cos tan (DPC)
)
(C:\Users\AlexAntunes\AppData\Local\Programs\MiKTeX\tex/latex/graphics-cfg\grap
hics.cfg
File: graphics.cfg 2016/06/04 v1.11 sample graphics configuration
)
Package graphics Info: Driver file: pdftex.def on input line 107.
)
\Gin@req@height=\dimen169
\Gin@req@width=\dimen170
)
(C:\Users\AlexAntunes\AppData\Local\Programs\MiKTeX\tex/latex/float\float.sty
Package: float 2001/11/08 v1.3d Float enhancements (AL)
\c@float@type=\count297
\float@exts=\toks25
\float@box=\box56
\@float@everytoks=\toks26
\@floatcapt=\box57
)
(C:\Users\AlexAntunes\AppData\Local\Programs\MiKTeX\tex/latex/gensymb\gensymb.s
ty
Package: gensymb 2022/10/17 v1.0.2 (KJH)
)
(C:\Users\AlexAntunes\AppData\Local\Programs\MiKTeX\tex/latex/base\textcomp.sty
Package: textcomp 2020/02/02 v2.0n Standard LaTeX package
)
(C:\Users\AlexAntunes\AppData\Local\Programs\MiKTeX\tex/latex/sidecap\sidecap.s
ty
Package: sidecap 2023/01/24 v1.7a SideCap Package (RN/HjG)

(C:\Users\AlexAntunes\AppData\Local\Programs\MiKTeX\tex/latex/base\ifthen.sty
Package: ifthen 2022/04/13 v1.1d Standard LaTeX ifthen package (DPC)
)
\SC@BOXWD=\dimen171
\SC@CAPWD=\dimen172
\SC@tempdima=\dimen173
\SC@tempdimb=\dimen174
\c@SC@C=\count298
\SC@BOX=\box58
)
(C:\Users\AlexAntunes\AppData\Local\Programs\MiKTeX\tex/latex/siunitx\siunitx.s
ty
Package: siunitx 2023-01-03 v3.2.0 A comprehensive (SI) units package
\l__siunitx_angle_tmp_dim=\dimen175
\l__siunitx_angle_marker_box=\box59
\l__siunitx_angle_unit_box=\box60
\l__siunitx_compound_count_int=\count299

(C:\Users\AlexAntunes\AppData\Local\Programs\MiKTeX\tex/latex/translations\tran
slations.sty
Package: translations 2022/02/05 v1.12 internationalization of LaTeX2e packages
 (CN)

(C:\Users\AlexAntunes\AppData\Local\Programs\MiKTeX\tex/latex/etoolbox\etoolbox
.sty
Package: etoolbox 2020/10/05 v2.5k e-TeX tools for LaTeX (JAW)
\etb@tempcnta=\count300
))
\l__siunitx_number_exponent_fixed_int=\count301
\l__siunitx_number_min_decimal_int=\count302
\l__siunitx_number_min_integer_int=\count303
\l__siunitx_number_round_precision_int=\count304
\l__siunitx_number_lower_threshold_int=\count305
\l__siunitx_number_upper_threshold_int=\count306
\l__siunitx_number_group_first_int=\count307
\l__siunitx_number_group_size_int=\count308
\l__siunitx_number_group_minimum_int=\count309
\l__siunitx_table_tmp_box=\box61
\l__siunitx_table_tmp_dim=\dimen176
\l__siunitx_table_column_width_dim=\dimen177
\l__siunitx_table_integer_box=\box62
\l__siunitx_table_decimal_box=\box63
\l__siunitx_table_uncert_box=\box64
\l__siunitx_table_before_box=\box65
\l__siunitx_table_after_box=\box66
\l__siunitx_table_before_dim=\dimen178
\l__siunitx_table_carry_dim=\dimen179
\l__siunitx_unit_tmp_int=\count310
\l__siunitx_unit_position_int=\count311
\l__siunitx_unit_total_int=\count312

(C:\Users\AlexAntunes\AppData\Local\Programs\MiKTeX\tex/latex/tools\array.sty
Package: array 2022/03/10 v2.5f Tabular extension package (FMi)
\col@sep=\dimen180
\ar@mcellbox=\box67
\extrarowheight=\dimen181
\NC@list=\toks27
\extratabsurround=\skip58
\backup@length=\skip59
\ar@cellbox=\box68
))
(C:\Users\AlexAntunes\AppData\Local\Programs\MiKTeX\tex/latex/wasysym\wasysym.s
ty
Package: wasysym 2020/01/19 v2.4 Wasy-2 symbol support package
\symwasy=\mathgroup4
LaTeX Font Info:    Overwriting symbol font `wasy' in version `bold'
(Font)                  U/wasy/m/n --> U/wasy/b/n on input line 93.
)
Package hyperref Info: Option `colorlinks' set `true' on input line 25.

(C:\Users\AlexAntunes\AppData\Local\Programs\MiKTeX\tex/latex/l3backend\l3backe
nd-pdftex.def
File: l3backend-pdftex.def 2023-01-16 L3 backend support: PDF output (pdfTeX)
\l__color_backend_stack_int=\count313
\l__pdf_internal_box=\box69
) (compgeo_main.aux)
\openout1 = `compgeo_main.aux'.

LaTeX Font Info:    Checking defaults for OML/cmm/m/it on input line 55.
LaTeX Font Info:    ... okay on input line 55.
LaTeX Font Info:    Checking defaults for OMS/cmsy/m/n on input line 55.
LaTeX Font Info:    ... okay on input line 55.
LaTeX Font Info:    Checking defaults for OT1/cmr/m/n on input line 55.
LaTeX Font Info:    ... okay on input line 55.
LaTeX Font Info:    Checking defaults for T1/cmr/m/n on input line 55.
LaTeX Font Info:    ... okay on input line 55.
LaTeX Font Info:    Checking defaults for TS1/cmr/m/n on input line 55.
LaTeX Font Info:    ... okay on input line 55.
LaTeX Font Info:    Checking defaults for OMX/cmex/m/n on input line 55.
LaTeX Font Info:    ... okay on input line 55.
LaTeX Font Info:    Checking defaults for U/cmr/m/n on input line 55.
LaTeX Font Info:    ... okay on input line 55.
LaTeX Font Info:    Checking defaults for PD1/pdf/m/n on input line 55.
LaTeX Font Info:    ... okay on input line 55.
LaTeX Font Info:    Checking defaults for PU/pdf/m/n on input line 55.
LaTeX Font Info:    ... okay on input line 55.
\c@lstlisting=\count314

(C:\Users\AlexAntunes\AppData\Local\Programs\MiKTeX\tex/context/base/mkii\supp-
pdf.mkii
[Loading MPS to PDF converter (version 2006.09.02).]
\scratchcounter=\count315
\scratchdimen=\dimen182
\scratchbox=\box70
\nofMPsegments=\count316
\nofMParguments=\count317
\everyMPshowfont=\toks28
\MPscratchCnt=\count318
\MPscratchDim=\dimen183
\MPnumerator=\count319
\makeMPintoPDFobject=\count320
\everyMPtoPDFconversion=\toks29
)
(C:\Users\AlexAntunes\AppData\Local\Programs\MiKTeX\tex/latex/epstopdf-pkg\epst
opdf-base.sty
Package: epstopdf-base 2020-01-24 v2.11 Base part for package epstopdf
Package epstopdf-base Info: Redefining graphics rule for `.eps' on input line 4
85.

(C:\Users\AlexAntunes\AppData\Local\Programs\MiKTeX\tex/latex/00miktex\epstopdf
-sys.cfg
File: epstopdf-sys.cfg 2021/03/18 v2.0 Configuration of epstopdf for MiKTeX
))
Package hyperref Info: Link coloring ON on input line 55.
 (compgeo_main.out) (compgeo_main.out)
\@outlinefile=\write3
\openout3 = `compgeo_main.out'.

\symgns@font=\mathgroup5
LaTeX Font Info:    Overwriting symbol font `gns@font' in version `bold'
(Font)                  TS1/cmr/m/n --> TS1/cmr/b/n on input line 55.
Package gensymb Info: Math companion symbols declared on input line 55.
LaTeX Info: Redefining \degree on input line 55.
LaTeX Info: Redefining \celsius on input line 55.
Package gensymb Info: Using text companion symbols for \degree, \celsius and \p
erthousand on input line 55.
LaTeX Info: Redefining \ohm on input line 55.
Package gensymb Info: Using \textohm for \ohm on input line 55.
Package gensymb Info: Using \textmu for \micro on input line 55.

(C:\Users\AlexAntunes\AppData\Local\Programs\MiKTeX\tex/latex/ragged2e\ragged2e
.sty
Package: ragged2e 2022/11/13 v3.2 ragged2e Package
\CenteringLeftskip=\skip60
\RaggedLeftLeftskip=\skip61
\RaggedRightLeftskip=\skip62
\CenteringRightskip=\skip63
\RaggedLeftRightskip=\skip64
\RaggedRightRightskip=\skip65
\CenteringParfillskip=\skip66
\RaggedLeftParfillskip=\skip67
\RaggedRightParfillskip=\skip68
\JustifyingParfillskip=\skip69
\CenteringParindent=\skip70
\RaggedLeftParindent=\skip71
\RaggedRightParindent=\skip72
\JustifyingParindent=\skip73
)
(C:\Users\AlexAntunes\AppData\Local\Programs\MiKTeX\tex/latex/translations/dict
s\translations-basic-dictionary-english.trsl
File: translations-basic-dictionary-english.trsl (english translation file `tra
nslations-basic-dictionary')
)
Package translations Info: loading dictionary `translations-basic-dictionary' f
or `english'. on input line 55.

(C:\Users\AlexAntunes\AppData\Local\Programs\MiKTeX\tex/latex/listings\lstlang1
.sty
File: lstlang1.sty 2020/03/24 1.8d listings language file
)
LaTeX Font Info:    Trying to load font information for U+wasy on input line 68
.

(C:\Users\AlexAntunes\AppData\Local\Programs\MiKTeX\tex/latex/wasysym\uwasy.fd
File: uwasy.fd 2020/01/19 v2.4 Wasy-2 symbol font definitions
) [1


{C:/Users/AlexAntunes/AppData/Local/MiKTeX/fonts/map/pdftex/pdftex.map}]
Underfull \vbox (badness 10000) has occurred while \output is active []

 [1]
[2] (compgeo_main.toc [3

]
Underfull \vbox (badness 3919) has occurred while \output is active []

 [4]
[5] [6]
Underfull \vbox (badness 3919) has occurred while \output is active []

 [7])
\tf@toc=\write4
\openout4 = `compgeo_main.toc'.


[8]
Chapter 1.
[9

] [10] [11]
Overfull \hbox (4.71661pt too wide) in paragraph at lines 158--159
 [] 
 []


Overfull \hbox (4.71661pt too wide) in paragraph at lines 182--183
 [] 
 []

[12]
Overfull \hbox (4.71661pt too wide) in paragraph at lines 199--200
 [] 
 []


Overfull \hbox (4.71661pt too wide) in paragraph at lines 220--221
 [] 
 []

[13]
Overfull \hbox (4.71661pt too wide) in paragraph at lines 248--249
 [] 
 []

[14]
Overfull \hbox (4.71661pt too wide) in paragraph at lines 289--290
 [] 
 []


Overfull \hbox (4.71661pt too wide) in paragraph at lines 323--324
 [] 
 []

[15]
Overfull \hbox (4.71661pt too wide) in paragraph at lines 337--338
 [] 
 []


Overfull \hbox (4.71661pt too wide) in paragraph at lines 351--352
 [] 
 []


Overfull \hbox (4.71661pt too wide) in paragraph at lines 375--376
 [] 
 []

[16]
Overfull \hbox (4.71661pt too wide) in paragraph at lines 388--389
 [] 
 []

[17]
Overfull \hbox (4.71661pt too wide) in paragraph at lines 427--428
 [] 
 []


Overfull \hbox (4.71661pt too wide) in paragraph at lines 444--445
 [] 
 []

[18]
Overfull \hbox (4.71661pt too wide) in paragraph at lines 470--471
 [] 
 []


Overfull \hbox (4.71661pt too wide) in paragraph at lines 483--484
 [] 
 []

<./figures//ch1f1.pdf, id=819, 388.5717pt x 252.7041pt>
File: ./figures//ch1f1.pdf Graphic file (type pdf)
<use ./figures//ch1f1.pdf>
Package pdftex.def Info: ./figures//ch1f1.pdf  used on input line 506.
(pdftex.def)             Requested size: 241.84842pt x 157.28415pt.

Overfull \hbox (4.71661pt too wide) in paragraph at lines 506--507
 [] 
 []

[19]
<./figures//ch1f2.pdf, id=843, 402.0621pt x 267.8808pt>
File: ./figures//ch1f2.pdf Graphic file (type pdf)
<use ./figures//ch1f2.pdf>
Package pdftex.def Info: ./figures//ch1f2.pdf  used on input line 535.
(pdftex.def)             Requested size: 241.84842pt x 161.13846pt.

Overfull \hbox (4.71661pt too wide) in paragraph at lines 535--536
 [] 
 []


Underfull \vbox (badness 3148) has occurred while \output is active []

 [20 <./figures//ch1f1.pdf>]
Overfull \hbox (6.50676pt too wide) in paragraph at lines 558--559
[]\OT1/cmr/m/it/12 Hint\OT1/cmr/m/n/12 : Check the func-tions [][][][][][], [][
][][][][], [][][][][][], [][][][][][] and [][][][][][]
 []

[21 <./figures//ch1f2.pdf>]
<./figures//ch1f3.pdf, id=891, 479.15009pt x 389.5353pt>
File: ./figures//ch1f3.pdf Graphic file (type pdf)
<use ./figures//ch1f3.pdf>
Package pdftex.def Info: ./figures//ch1f3.pdf  used on input line 575.
(pdftex.def)             Requested size: 312.9803pt x 254.45502pt.
 [22
pdfTeX warning (ext4): destination with the same identifier (name{figure.1.1}) 
has been already used, duplicate ignored
<argument> ...shipout:D \box_use:N \l_shipout_box 
                                                  \__shipout_drop_firstpage_...
l.586 F
       rodeman, R. 1995. Geological reasoning: Geology as an interpretive an...
 <./figures//ch1f3.pdf>] [23] [24

]
Chapter 2.
[25]
<./figures//ch2f1.pdf, id=919, 296.06609pt x 371.2269pt>
File: ./figures//ch2f1.pdf Graphic file (type pdf)
<use ./figures//ch2f1.pdf>
Package pdftex.def Info: ./figures//ch2f1.pdf  used on input line 624.
(pdftex.def)             Requested size: 284.52756pt x 356.75894pt.
<./figures//ch2f2.pdf, id=920, 273.1806pt x 216.3282pt>
File: ./figures//ch2f2.pdf Graphic file (type pdf)
<use ./figures//ch2f2.pdf>
Package pdftex.def Info: ./figures//ch2f2.pdf  used on input line 639.
(pdftex.def)             Requested size: 341.43306pt x 270.39967pt.
 [26]
<./figures//ch2f3.pdf, id=930, 507.8612pt x 431.24838pt>
File: ./figures//ch2f3.pdf Graphic file (type pdf)
<use ./figures//ch2f3.pdf>
Package pdftex.def Info: ./figures//ch2f3.pdf  used on input line 649.
(pdftex.def)             Requested size: 256.0748pt x 217.44641pt.

Underfull \vbox (badness 10000) has occurred while \output is active []

 [27
pdfTeX warning (ext4): destination with the same identifier (name{figure.2.1}) 
has been already used, duplicate ignored
<argument> ...shipout:D \box_use:N \l_shipout_box 
                                                  \__shipout_drop_firstpage_...
l.656 
       <./figures//ch2f1.pdf>]
Underfull \vbox (badness 10000) has occurred while \output is active []

 [28
pdfTeX warning (ext4): destination with the same identifier (name{figure.2.2}) 
has been already used, duplicate ignored
<argument> ...shipout:D \box_use:N \l_shipout_box 
                                                  \__shipout_drop_firstpage_...
l.662 
       <./figures//ch2f2.pdf>] [29
pdfTeX warning (ext4): destination with the same identifier (name{figure.2.3}) 
has been already used, duplicate ignored
<argument> ...shipout:D \box_use:N \l_shipout_box 
                                                  \__shipout_drop_firstpage_...
l.669 
       <./figures//ch2f3.pdf>] [30] [31]
<./figures//ch2f4.pdf, id=994, 572.1375pt x 293.1753pt>
File: ./figures//ch2f4.pdf Graphic file (type pdf)
<use ./figures//ch2f4.pdf>
Package pdftex.def Info: ./figures//ch2f4.pdf  used on input line 745.
(pdftex.def)             Requested size: 312.9803pt x 160.37904pt.

Overfull \hbox (4.71661pt too wide) in paragraph at lines 745--746
 [] 
 []


Underfull \vbox (badness 7273) has occurred while \output is active []

 [32]
<./figures//ch2f5.pdf, id=1028, 569.24669pt x 293.898pt>
File: ./figures//ch2f5.pdf Graphic file (type pdf)
<use ./figures//ch2f5.pdf>
Package pdftex.def Info: ./figures//ch2f5.pdf  used on input line 771.
(pdftex.def)             Requested size: 312.9803pt x 161.59505pt.

Overfull \hbox (4.71661pt too wide) in paragraph at lines 771--772
 [] 
 []


Underfull \vbox (badness 10000) has occurred while \output is active []

 [33 <./figures//ch2f4.pdf>]
Underfull \vbox (badness 10000) has occurred while \output is active []

 [34 <./figures//ch2f5.pdf>] [35]
LaTeX Font Info:    Trying to load font information for TS1+cmtt on input line 
822.

(C:\Users\AlexAntunes\AppData\Local\Programs\MiKTeX\tex/latex/base\ts1cmtt.fd
File: ts1cmtt.fd 2022/07/10 v2.5l Standard LaTeX font definitions
)
<./figures//ch2f6.pdf, id=1085, 343.76431pt x 175.1343pt>
File: ./figures//ch2f6.pdf Graphic file (type pdf)
<use ./figures//ch2f6.pdf>
Package pdftex.def Info: ./figures//ch2f6.pdf  used on input line 828.
(pdftex.def)             Requested size: 284.52756pt x 144.96057pt.

Overfull \hbox (4.71661pt too wide) in paragraph at lines 828--829
 [] 
 []

File: ./figures//ch2f6.pdf Graphic file (type pdf)
<use ./figures//ch2f6.pdf>
Package pdftex.def Info: ./figures//ch2f6.pdf  used on input line 851.
(pdftex.def)             Requested size: 284.52756pt x 144.96057pt.

Overfull \hbox (4.71661pt too wide) in paragraph at lines 851--852
 [] 
 []


Underfull \vbox (badness 1325) has occurred while \output is active []

 [36 <./figures//ch2f6.pdf>]
<./figures//ch2f7.pdf, id=1120, 342.80069pt x 173.68889pt>
File: ./figures//ch2f7.pdf Graphic file (type pdf)
<use ./figures//ch2f7.pdf>
Package pdftex.def Info: ./figures//ch2f7.pdf  used on input line 871.
(pdftex.def)             Requested size: 284.52756pt x 144.16968pt.

Overfull \hbox (4.71661pt too wide) in paragraph at lines 871--872
 [] 
 []

[37 <./figures//ch2f7.pdf>]
<./figures//ch2f8.pdf, id=1139, 341.35529pt x 173.68889pt>
File: ./figures//ch2f8.pdf Graphic file (type pdf)
<use ./figures//ch2f8.pdf>
Package pdftex.def Info: ./figures//ch2f8.pdf  used on input line 891.
(pdftex.def)             Requested size: 284.52756pt x 144.7766pt.

Overfull \hbox (4.71661pt too wide) in paragraph at lines 891--892
 [] 
 []

[38 <./figures//ch2f8.pdf>]
Underfull \vbox (badness 10000) has occurred while \output is active []

 [39]
[40]
Overfull \hbox (4.71661pt too wide) in paragraph at lines 981--982
 [] 
 []

[41]
Overfull \hbox (4.71661pt too wide) in paragraph at lines 996--997
 [] 
 []


Overfull \hbox (4.71661pt too wide) in paragraph at lines 1014--1015
 [] 
 []

[42]
Overfull \hbox (4.71661pt too wide) in paragraph at lines 1037--1038
 [] 
 []


Overfull \hbox (4.71661pt too wide) in paragraph at lines 1054--1055
 [] 
 []

[43]
Overfull \hbox (4.71661pt too wide) in paragraph at lines 1092--1093
 [] 
 []

[44] [45]
Overfull \hbox (4.71661pt too wide) in paragraph at lines 1173--1174
 [] 
 []


Underfull \vbox (badness 8189) has occurred while \output is active []

 [46]
[47] [48]
Chapter 3.
[49

]
<./figures//ch3f1.pdf, id=1394, 578.16pt x 230.8625pt>
File: ./figures//ch3f1.pdf Graphic file (type pdf)
<use ./figures//ch3f1.pdf>
Package pdftex.def Info: ./figures//ch3f1.pdf  used on input line 1246.
(pdftex.def)             Requested size: 369.88582pt x 147.69511pt.
 [50
pdfTeX warning (ext4): destination with the same identifier (name{figure.3.1}) 
has been already used, duplicate ignored
<argument> ...shipout:D \box_use:N \l_shipout_box 
                                                  \__shipout_drop_firstpage_...
l.1258 
        <./figures//ch3f1.pdf>]
<./figures//ch3f2.pdf, id=1432, 578.16pt x 225.84375pt>
File: ./figures//ch3f2.pdf Graphic file (type pdf)
<use ./figures//ch3f2.pdf>
Package pdftex.def Info: ./figures//ch3f2.pdf  used on input line 1266.
(pdftex.def)             Requested size: 369.88582pt x 144.48436pt.

Underfull \vbox (badness 10000) has occurred while \output is active []

 [51
pdfTeX warning (ext4): destination with the same identifier (name{figure.3.2}) 
has been already used, duplicate ignored
<argument> ...shipout:D \box_use:N \l_shipout_box 
                                                  \__shipout_drop_firstpage_...
l.1274 
        <./figures//ch3f2.pdf>] [52] [53]
<./figures//ch3f3.pdf, id=1534, 701.7417pt x 419.40689pt>
File: ./figures//ch3f3.pdf Graphic file (type pdf)
<use ./figures//ch3f3.pdf>
Package pdftex.def Info: ./figures//ch3f3.pdf  used on input line 1364.
(pdftex.def)             Requested size: 369.88582pt x 221.06866pt.
<./figures//ch3f4.pdf, id=1537, 474.77374pt x 206.7725pt>
File: ./figures//ch3f4.pdf Graphic file (type pdf)
<use ./figures//ch3f4.pdf>
Package pdftex.def Info: ./figures//ch3f4.pdf  used on input line 1372.
(pdftex.def)             Requested size: 341.43306pt x 148.7057pt.
 [54
pdfTeX warning (ext4): destination with the same identifier (name{figure.3.3}) 
has been already used, duplicate ignored
<argument> ...shipout:D \box_use:N \l_shipout_box 
                                                  \__shipout_drop_firstpage_...
l.1377 
        <./figures//ch3f3.pdf>]
<./figures//ch3f5.pdf, id=1551, 497.86pt x 186.6975pt>
File: ./figures//ch3f5.pdf Graphic file (type pdf)
<use ./figures//ch3f5.pdf>
Package pdftex.def Info: ./figures//ch3f5.pdf  used on input line 1385.
(pdftex.def)             Requested size: 369.88582pt x 138.70949pt.
 [55
pdfTeX warning (ext4): destination with the same identifier (name{figure.3.4}) 
has been already used, duplicate ignored
<argument> ...shipout:D \box_use:N \l_shipout_box 
                                                  \__shipout_drop_firstpage_...
l.1390 
        <./figures//ch3f4.pdf>]
<./figures//ch3f6.pdf, id=1570, 488.06438pt x 395.55858pt>
File: ./figures//ch3f6.pdf Graphic file (type pdf)
<use ./figures//ch3f6.pdf>
Package pdftex.def Info: ./figures//ch3f6.pdf  used on input line 1399.
(pdftex.def)             Requested size: 341.43306pt x 276.71408pt.
<./figures//ch3f7.pdf, id=1573, 646.415pt x 498.86375pt>
File: ./figures//ch3f7.pdf Graphic file (type pdf)
<use ./figures//ch3f7.pdf>
Package pdftex.def Info: ./figures//ch3f7.pdf  used on input line 1407.
(pdftex.def)             Requested size: 369.88582pt x 285.45143pt.

Underfull \vbox (badness 10000) has occurred while \output is active []

 [56
pdfTeX warning (ext4): destination with the same identifier (name{figure.3.5}) 
has been already used, duplicate ignored
<argument> ...shipout:D \box_use:N \l_shipout_box 
                                                  \__shipout_drop_firstpage_...
l.1416 \end{equation}
                      <./figures//ch3f5.pdf>] [57
pdfTeX warning (ext4): destination with the same identifier (name{figure.3.6}) 
has been already used, duplicate ignored
<argument> ...shipout:D \box_use:N \l_shipout_box 
                                                  \__shipout_drop_firstpage_...
l.1421 
        <./figures//ch3f6.pdf>] [58
pdfTeX warning (ext4): destination with the same identifier (name{figure.3.7}) 
has been already used, duplicate ignored
<argument> ...shipout:D \box_use:N \l_shipout_box 
                                                  \__shipout_drop_firstpage_...
l.1431 
        <./figures//ch3f7.pdf>]
<./figures//ch3f8.pdf, id=1645, 528.97626pt x 243.91125pt>
File: ./figures//ch3f8.pdf Graphic file (type pdf)
<use ./figures//ch3f8.pdf>
Package pdftex.def Info: ./figures//ch3f8.pdf  used on input line 1448.
(pdftex.def)             Requested size: 369.88582pt x 170.55434pt.
 [59
pdfTeX warning (ext4): destination with the same identifier (name{equation.3.3.
5}) has been already used, duplicate ignored
<argument> ...shipout:D \box_use:N \l_shipout_box 
                                                  \__shipout_drop_firstpage_...
l.1453 
       ]
<./figures//ch3f9.pdf, id=1653, 516.00893pt x 292.21231pt>
File: ./figures//ch3f9.pdf Graphic file (type pdf)
<use ./figures//ch3f9.pdf>
Package pdftex.def Info: ./figures//ch3f9.pdf  used on input line 1458.
(pdftex.def)             Requested size: 369.88582pt x 209.46526pt.

Underfull \vbox (badness 1509) has occurred while \output is active []

 [60
pdfTeX warning (ext4): destination with the same identifier (name{figure.3.8}) 
has been already used, duplicate ignored
<argument> ...shipout:D \box_use:N \l_shipout_box 
                                                  \__shipout_drop_firstpage_...
l.1464 
        <./figures//ch3f8.pdf>]
<./figures//ch3f10.pdf, id=1687, 561.09625pt x 282.05376pt>
File: ./figures//ch3f10.pdf Graphic file (type pdf)
<use ./figures//ch3f10.pdf>
Package pdftex.def Info: ./figures//ch3f10.pdf  used on input line 1472.
(pdftex.def)             Requested size: 369.88582pt x 185.93225pt.
 [61
pdfTeX warning (ext4): destination with the same identifier (name{figure.3.9}) 
has been already used, duplicate ignored
<argument> ...shipout:D \box_use:N \l_shipout_box 
                                                  \__shipout_drop_firstpage_...
l.1477 
        <./figures//ch3f9.pdf>]
<./figures//ch3f11.pdf, id=1697, 493.845pt x 232.87pt>
File: ./figures//ch3f11.pdf Graphic file (type pdf)
<use ./figures//ch3f11.pdf>
Package pdftex.def Info: ./figures//ch3f11.pdf  used on input line 1482.
(pdftex.def)             Requested size: 369.88582pt x 174.41754pt.

pdfTeX warning (ext4): destination with the same identifier (name{equation.3.3.
5}) has been already used, duplicate ignored
<to be read again> 
                   \relax 
l.1486 \begin{equation}
                       
pdfTeX warning (ext4): destination with the same identifier (name{equation.3.3.
5}) has been already used, duplicate ignored
<to be read again> 
                   \relax 
l.1486 \begin{equation}
                       
pdfTeX warning (ext4): destination with the same identifier (name{equation.3.3.
5}) has been already used, duplicate ignored
<to be read again> 
                   \relax 
l.1486 \begin{equation}
                       
pdfTeX warning (ext4): destination with the same identifier (name{equation.3.3.
5}) has been already used, duplicate ignored
<to be read again> 
                   \relax 
l.1486 \begin{equation}
                        [62
pdfTeX warning (ext4): destination with the same identifier (name{figure.3.10})
 has been already used, duplicate ignored
<argument> ...shipout:D \box_use:N \l_shipout_box 
                                                  \__shipout_drop_firstpage_...
l.1491 
        <./figures//ch3f10.pdf>]
<./figures//ch3f12.pdf, id=1732, 516.93124pt x 268.00125pt>
File: ./figures//ch3f12.pdf Graphic file (type pdf)
<use ./figures//ch3f12.pdf>
Package pdftex.def Info: ./figures//ch3f12.pdf  used on input line 1496.
(pdftex.def)             Requested size: 369.88582pt x 191.77483pt.

pdfTeX warning (ext4): destination with the same identifier (name{equation.3.3.
5}) has been already used, duplicate ignored
<to be read again> 
                   \relax 
l.1500 \begin{equation}
                       
pdfTeX warning (ext4): destination with the same identifier (name{equation.3.3.
5}) has been already used, duplicate ignored
<to be read again> 
                   \relax 
l.1500 \begin{equation}
                       
pdfTeX warning (ext4): destination with the same identifier (name{equation.3.3.
5}) has been already used, duplicate ignored
<to be read again> 
                   \relax 
l.1500 \begin{equation}
                       
pdfTeX warning (ext4): destination with the same identifier (name{equation.3.3.
5}) has been already used, duplicate ignored
<to be read again> 
                   \relax 
l.1500 \begin{equation}
                        [63
pdfTeX warning (ext4): destination with the same identifier (name{figure.3.11})
 has been already used, duplicate ignored
<argument> ...shipout:D \box_use:N \l_shipout_box 
                                                  \__shipout_drop_firstpage_...
l.1505 
        <./figures//ch3f11.pdf>] [64
pdfTeX warning (ext4): destination with the same identifier (name{figure.3.12})
 has been already used, duplicate ignored
<argument> ...shipout:D \box_use:N \l_shipout_box 
                                                  \__shipout_drop_firstpage_...
l.1526 	
        StCoordLine in Allmendinger et al. (2012) <./figures//ch3f12.pdf>]
[65]
<./figures//ch3f13.pdf, id=1839, 272.93971pt x 257.04028pt>
File: ./figures//ch3f13.pdf Graphic file (type pdf)
<use ./figures//ch3f13.pdf>
Package pdftex.def Info: ./figures//ch3f13.pdf  used on input line 1611.
(pdftex.def)             Requested size: 142.26378pt x 133.97548pt.

Overfull \hbox (4.71661pt too wide) in paragraph at lines 1611--1612
 [] 
 []


Underfull \vbox (badness 10000) has occurred while \output is active []

 [66]
<./figures//ch3f14.pdf, id=1883, 270.0489pt x 258.0039pt>
File: ./figures//ch3f14.pdf Graphic file (type pdf)
<use ./figures//ch3f14.pdf>
Package pdftex.def Info: ./figures//ch3f14.pdf  used on input line 1652.
(pdftex.def)             Requested size: 142.26378pt x 135.91861pt.

Overfull \hbox (4.71661pt too wide) in paragraph at lines 1652--1653
 [] 
 []


Underfull \vbox (badness 7415) has occurred while \output is active []

 [67 <./figures//ch3f13.pdf>] [68 <./figures//ch3f14.pdf>] [69] [70]
Chapter 4.
[71

]
<./figures//ch4f1.pdf, id=1952, 438.1971pt x 290.28452pt>
File: ./figures//ch4f1.pdf Graphic file (type pdf)
<use ./figures//ch4f1.pdf>
Package pdftex.def Info: ./figures//ch4f1.pdf  used on input line 1729.
(pdftex.def)             Requested size: 369.88582pt x 245.03325pt.
 [72
pdfTeX warning (ext4): destination with the same identifier (name{figure.4.1}) 
has been already used, duplicate ignored
<argument> ...shipout:D \box_use:N \l_shipout_box 
                                                  \__shipout_drop_firstpage_...
l.1738 
        <./figures//ch4f1.pdf>]
<./figures//ch4f2.pdf, id=1963, 510.90875pt x 288.07625pt>
File: ./figures//ch4f2.pdf Graphic file (type pdf)
<use ./figures//ch4f2.pdf>
Package pdftex.def Info: ./figures//ch4f2.pdf  used on input line 1741.
(pdftex.def)             Requested size: 369.88582pt x 208.5576pt.
 [73
pdfTeX warning (ext4): destination with the same identifier (name{figure.4.2}) 
has been already used, duplicate ignored
<argument> ...shipout:D \box_use:N \l_shipout_box 
                                                  \__shipout_drop_firstpage_...
l.1766 \end{equation}
                      <./figures//ch4f2.pdf>]
Overfull \hbox (4.71661pt too wide) in paragraph at lines 1797--1798
 [] 
 []

[74]
<./figures//ch4f3.pdf, id=2017, 473.3685pt x 259.44931pt>
File: ./figures//ch4f3.pdf Graphic file (type pdf)
<use ./figures//ch4f3.pdf>
Package pdftex.def Info: ./figures//ch4f3.pdf  used on input line 1818.
(pdftex.def)             Requested size: 369.88582pt x 202.73781pt.
 [75
pdfTeX warning (ext4): destination with the same identifier (name{figure.4.3}) 
has been already used, duplicate ignored
<argument> ...shipout:D \box_use:N \l_shipout_box 
                                                  \__shipout_drop_firstpage_...
l.1836 \begin{equation}
                        <./figures//ch4f3.pdf>]
Overfull \hbox (4.71661pt too wide) in paragraph at lines 1882--1883
 [] 
 []

[76]
<./figures//ch4f4.pdf, id=2057, 362.35374pt x 348.30125pt>
File: ./figures//ch4f4.pdf Graphic file (type pdf)
<use ./figures//ch4f4.pdf>
Package pdftex.def Info: ./figures//ch4f4.pdf  used on input line 1896.
(pdftex.def)             Requested size: 284.52756pt x 273.4968pt.
 [77
pdfTeX warning (ext4): destination with the same identifier (name{equation.4.3.
11}) has been already used, duplicate ignored
<argument> ...shipout:D \box_use:N \l_shipout_box 
                                                  \__shipout_drop_firstpage_...
l.1914 \newpage
               
pdfTeX warning (ext4): destination with the same identifier (name{equation.4.3.
11}) has been already used, duplicate ignored
<argument> ...shipout:D \box_use:N \l_shipout_box 
                                                  \__shipout_drop_firstpage_...
l.1914 \newpage
               ] [78
pdfTeX warning (ext4): destination with the same identifier (name{figure.4.4}) 
has been already used, duplicate ignored
<argument> ...shipout:D \box_use:N \l_shipout_box 
                                                  \__shipout_drop_firstpage_...
l.1934 
       
pdfTeX warning (ext4): destination with the same identifier (name{table.4.1}) h
as been already used, duplicate ignored
<argument> ...shipout:D \box_use:N \l_shipout_box 
                                                  \__shipout_drop_firstpage_...
l.1934 
        <./figures//ch4f4.pdf>]
<./figures//ch4f5.pdf, id=2105, 231.86626pt x 234.8775pt>
File: ./figures//ch4f5.pdf Graphic file (type pdf)
<use ./figures//ch4f5.pdf>
Package pdftex.def Info: ./figures//ch4f5.pdf  used on input line 1937.
(pdftex.def)             Requested size: 199.16928pt x 201.76134pt.
 [79
pdfTeX warning (ext4): destination with the same identifier (name{figure.4.5}) 
has been already used, duplicate ignored
<argument> ...shipout:D \box_use:N \l_shipout_box 
                                                  \__shipout_drop_firstpage_...
l.1964 	
        ce = math.sin(trd) * math.cos(plg) <./figures//ch4f5.pdf>]
Overfull \hbox (1.59732pt too wide) in paragraph at lines 1973--1974
\OT1/cmr/m/n/12 Converting from di-rec-tion cosines (Carte-sian co-or-di-nates)
 to trend and plunge
 []


pdfTeX warning (ext4): destination with the same identifier (name{equation.4.3.
11}) has been already used, duplicate ignored
<to be read again> 
                   \relax 
l.1975 \begin{equation}
                       
pdfTeX warning (ext4): destination with the same identifier (name{equation.4.3.
11}) has been already used, duplicate ignored
<to be read again> 
                   \relax 
l.1975 \begin{equation}
                       
pdfTeX warning (ext4): destination with the same identifier (name{equation.4.3.
11}) has been already used, duplicate ignored
<to be read again> 
                   \relax 
l.1975 \begin{equation}
                       
pdfTeX warning (ext4): destination with the same identifier (name{equation.4.3.
11}) has been already used, duplicate ignored
<to be read again> 
                   \relax 
l.1975 \begin{equation}
                       
pdfTeX warning (ext4): destination with the same identifier (name{equation.4.3.
11}) has been already used, duplicate ignored
<to be read again> 
                   \relax 
l.1987 \begin{equation}
                       
pdfTeX warning (ext4): destination with the same identifier (name{equation.4.3.
11}) has been already used, duplicate ignored
<to be read again> 
                   \relax 
l.1987 \begin{equation}
                       
pdfTeX warning (ext4): destination with the same identifier (name{equation.4.3.
11}) has been already used, duplicate ignored
<to be read again> 
                   \relax 
l.1987 \begin{equation}
                       
pdfTeX warning (ext4): destination with the same identifier (name{equation.4.3.
11}) has been already used, duplicate ignored
<to be read again> 
                   \relax 
l.1987 \begin{equation}
                       
pdfTeX warning (ext4): destination with the same identifier (name{equation.4.3.
11}) has been already used, duplicate ignored
<to be read again> 
                   \relax 
l.1993 \begin{equation}
                       
pdfTeX warning (ext4): destination with the same identifier (name{equation.4.3.
11}) has been already used, duplicate ignored
<to be read again> 
                   \relax 
l.1993 \begin{equation}
                       
pdfTeX warning (ext4): destination with the same identifier (name{equation.4.3.
11}) has been already used, duplicate ignored
<to be read again> 
                   \relax 
l.1993 \begin{equation}
                       
pdfTeX warning (ext4): destination with the same identifier (name{equation.4.3.
11}) has been already used, duplicate ignored
<to be read again> 
                   \relax 
l.1993 \begin{equation}
                       
pdfTeX warning (ext4): destination with the same identifier (name{equation.4.3.
11}) has been already used, duplicate ignored
<to be read again> 
                   \relax 
l.1997 \begin{equation}
                       
pdfTeX warning (ext4): destination with the same identifier (name{equation.4.3.
11}) has been already used, duplicate ignored
<to be read again> 
                   \relax 
l.1997 \begin{equation}
                       
pdfTeX warning (ext4): destination with the same identifier (name{equation.4.3.
11}) has been already used, duplicate ignored
<to be read again> 
                   \relax 
l.1997 \begin{equation}
                       
pdfTeX warning (ext4): destination with the same identifier (name{equation.4.3.
11}) has been already used, duplicate ignored
<to be read again> 
                   \relax 
l.1997 \begin{equation}
                       
pdfTeX warning (ext4): destination with the same identifier (name{equation.4.3.
11}) has been already used, duplicate ignored
<to be read again> 
                   \relax 
l.2003 \begin{equation}
                       
pdfTeX warning (ext4): destination with the same identifier (name{equation.4.3.
11}) has been already used, duplicate ignored
<to be read again> 
                   \relax 
l.2003 \begin{equation}
                       
pdfTeX warning (ext4): destination with the same identifier (name{equation.4.3.
11}) has been already used, duplicate ignored
<to be read again> 
                   \relax 
l.2003 \begin{equation}
                       
pdfTeX warning (ext4): destination with the same identifier (name{equation.4.3.
11}) has been already used, duplicate ignored
<to be read again> 
                   \relax 
l.2003 \begin{equation}
                        [80]
pdfTeX warning (ext4): destination with the same identifier (name{equation.4.3.
11}) has been already used, duplicate ignored
<to be read again> 
                   \relax 
l.2007 \begin{equation}
                       
pdfTeX warning (ext4): destination with the same identifier (name{equation.4.3.
11}) has been already used, duplicate ignored
<to be read again> 
                   \relax 
l.2007 \begin{equation}
                       
pdfTeX warning (ext4): destination with the same identifier (name{equation.4.3.
11}) has been already used, duplicate ignored
<to be read again> 
                   \relax 
l.2007 \begin{equation}
                       
pdfTeX warning (ext4): destination with the same identifier (name{equation.4.3.
11}) has been already used, duplicate ignored
<to be read again> 
                   \relax 
l.2007 \begin{equation}
                        [81] [82
pdfTeX warning (ext4): destination with the same identifier (name{equation.4.4.
11}) has been already used, duplicate ignored
<argument> ...shipout:D \box_use:N \l_shipout_box 
                                                  \__shipout_drop_firstpage_...
l.2085 \begin{center}
                     
pdfTeX warning (ext4): destination with the same identifier (name{equation.4.4.
11}) has been already used, duplicate ignored
<argument> ...shipout:D \box_use:N \l_shipout_box 
                                                  \__shipout_drop_firstpage_...
l.2085 \begin{center}
                     
pdfTeX warning (ext4): destination with the same identifier (name{equation.4.4.
11}) has been already used, duplicate ignored
<argument> ...shipout:D \box_use:N \l_shipout_box 
                                                  \__shipout_drop_firstpage_...
l.2085 \begin{center}
                     ] [83] [84]
<./figures//ch4f6.pdf, id=2319, 213.19649pt x 211.992pt>
File: ./figures//ch4f6.pdf Graphic file (type pdf)
<use ./figures//ch4f6.pdf>
Package pdftex.def Info: ./figures//ch4f6.pdf  used on input line 2223.
(pdftex.def)             Requested size: 120.92421pt x 120.23825pt.

Overfull \hbox (4.71661pt too wide) in paragraph at lines 2223--2224
 [] 
 []

[85 <./figures//ch4f6.pdf>] [86
pdfTeX warning (ext4): destination with the same identifier (name{table.4.2}) h
as been already used, duplicate ignored
<argument> ...shipout:D \box_use:N \l_shipout_box 
                                                  \__shipout_drop_firstpage_...
l.2271 	
        of trend and plunge trd1, plg1, trd2, and plg2]
Underfull \vbox (badness 10000) has occurred while \output is active []

 [87]
[88]
Overfull \hbox (4.71661pt too wide) in paragraph at lines 2390--2391
 [] 
 []


Overfull \hbox (4.71661pt too wide) in paragraph at lines 2413--2414
 [] 
 []

[89]
Overfull \hbox (4.71661pt too wide) in paragraph at lines 2442--2443
 [] 
 []

[90] [91]
Underfull \hbox (badness 10000) in paragraph at lines 2511--2512

 []

<./figures//ch4f7.pdf, id=2590, 225.96466pt x 282.09447pt>
File: ./figures//ch4f7.pdf Graphic file (type pdf)
<use ./figures//ch4f7.pdf>
Package pdftex.def Info: ./figures//ch4f7.pdf  used on input line 2515.
(pdftex.def)             Requested size: 256.0748pt x 319.7186pt.
[92
pdfTeX warning (ext4): destination with the same identifier (name{figure.4.6}) 
has been already used, duplicate ignored
<argument> ...shipout:D \box_use:N \l_shipout_box 
                                                  \__shipout_drop_firstpage_...
l.2522 pi 
          = np.pi <./figures//ch4f7.pdf>]
Overfull \hbox (4.71661pt too wide) in paragraph at lines 2542--2543
 [] 
 []

[93] [94]
Overfull \hbox (4.71661pt too wide) in paragraph at lines 2620--2621
 [] 
 []


Overfull \hbox (4.71661pt too wide) in paragraph at lines 2647--2648
 [] 
 []

[95] [96]
<./figures//ch4f8.pdf, id=2715, 270.04942pt x 349.30571pt>
File: ./figures//ch4f8.pdf Graphic file (type pdf)
<use ./figures//ch4f8.pdf>
Package pdftex.def Info: ./figures//ch4f8.pdf  used on input line 2699.
(pdftex.def)             Requested size: 256.0748pt x 331.24692pt.
<./figures//ch4f9.pdf, id=2716, 384.1686pt x 267.9641pt>
File: ./figures//ch4f9.pdf Graphic file (type pdf)
<use ./figures//ch4f9.pdf>
Package pdftex.def Info: ./figures//ch4f9.pdf  used on input line 2713.
(pdftex.def)             Requested size: 341.43306pt x 238.16017pt.
 [97
pdfTeX warning (ext4): destination with the same identifier (name{figure.4.7}) 
has been already used, duplicate ignored
<argument> ...shipout:D \box_use:N \l_shipout_box 
                                                  \__shipout_drop_firstpage_...
l.2715     \end{figure}
                        <./figures//ch4f8.pdf>] [98
pdfTeX warning (ext4): destination with the same identifier (name{figure.4.8}) 
has been already used, duplicate ignored
<argument> ...shipout:D \box_use:N \l_shipout_box 
                                                  \__shipout_drop_firstpage_...
l.2735 
        <./figures//ch4f9.pdf>] [99] [100

]
Chapter 5.
<./figures//ch5f1.pdf, id=2754, 392.46625pt x 171.64125pt>
File: ./figures//ch5f1.pdf Graphic file (type pdf)
<use ./figures//ch5f1.pdf>
Package pdftex.def Info: ./figures//ch5f1.pdf  used on input line 2770.
(pdftex.def)             Requested size: 341.43306pt x 149.3319pt.
[101]
<./figures//ch5f2.pdf, id=2759, 399.4925pt x 206.7725pt>
File: ./figures//ch5f2.pdf Graphic file (type pdf)
<use ./figures//ch5f2.pdf>
Package pdftex.def Info: ./figures//ch5f2.pdf  used on input line 2782.
(pdftex.def)             Requested size: 341.43306pt x 176.72922pt.

Underfull \vbox (badness 2065) has occurred while \output is active []

 [102
pdfTeX warning (ext4): destination with the same identifier (name{figure.5.1}) 
has been already used, duplicate ignored
<argument> ...shipout:D \box_use:N \l_shipout_box 
                                                  \__shipout_drop_firstpage_...
l.2806 \end{equation}
                      <./figures//ch5f1.pdf>]
Underfull \vbox (badness 4454) has occurred while \output is active []

 [103
pdfTeX warning (ext4): destination with the same identifier (name{figure.5.2}) 
has been already used, duplicate ignored
<argument> ...shipout:D \box_use:N \l_shipout_box 
                                                  \__shipout_drop_firstpage_...
l.2820 \end{equation}
                      <./figures//ch5f2.pdf>] [104] [105]
<./figures//ch5f3.pdf, id=2833, 306.14375pt x 249.93375pt>
File: ./figures//ch5f3.pdf Graphic file (type pdf)
<use ./figures//ch5f3.pdf>
Package pdftex.def Info: ./figures//ch5f3.pdf  used on input line 2898.
(pdftex.def)             Requested size: 284.52756pt x 232.29869pt.

Overfull \hbox (20.67476pt too wide) detected at line 2910
[]
 []

[106
pdfTeX warning (ext4): destination with the same identifier (name{figure.5.3}) 
has been already used, duplicate ignored
<argument> ...shipout:D \box_use:N \l_shipout_box 
                                                  \__shipout_drop_firstpage_...
l.2910 \end{gather*}
                     <./figures//ch5f3.pdf>] [107]
<./figures//ch5f4.pdf, id=2867, 226.92827pt x 283.05804pt>
File: ./figures//ch5f4.pdf Graphic file (type pdf)
<use ./figures//ch5f4.pdf>
Package pdftex.def Info: ./figures//ch5f4.pdf  used on input line 3008.
(pdftex.def)             Requested size: 256.0748pt x 319.44154pt.
 [108] [109
pdfTeX warning (ext4): destination with the same identifier (name{figure.5.4}) 
has been already used, duplicate ignored
<argument> ...shipout:D \box_use:N \l_shipout_box 
                                                  \__shipout_drop_firstpage_...
l.3029 #
         Import function true_thickness <./figures//ch5f4.pdf>]
Overfull \hbox (4.71661pt too wide) in paragraph at lines 3060--3061
 [] 
 []

[110]
Overfull \hbox (4.71661pt too wide) in paragraph at lines 3116--3117
 [] 
 []

[111] [112]
<./figures//ch5f5.pdf, id=3035, 385.32483pt x 267.9641pt>
File: ./figures//ch5f5.pdf Graphic file (type pdf)
<use ./figures//ch5f5.pdf>
Package pdftex.def Info: ./figures//ch5f5.pdf  used on input line 3184.
(pdftex.def)             Requested size: 335.7426pt x 233.48668pt.
 [113] [114
pdfTeX warning (ext4): destination with the same identifier (name{figure.5.5}) 
has been already used, duplicate ignored
<argument> ...shipout:D \box_use:N \l_shipout_box 
                                                  \__shipout_drop_firstpage_...
l.3226 ax.
          plot(point2[0],point2[1],"bo",markersize=10) <./figures//ch5f5.pdf>]
<./figures//ch5f6.pdf, id=3111, 390.0171pt x 260.4129pt>
File: ./figures//ch5f6.pdf Graphic file (type pdf)
<use ./figures//ch5f6.pdf>
Package pdftex.def Info: ./figures//ch5f6.pdf  used on input line 3234.
(pdftex.def)             Requested size: 256.0748pt x 170.98692pt.

Overfull \hbox (4.71661pt too wide) in paragraph at lines 3234--3235
 [] 
 []

[115 <./figures//ch5f6.pdf>]
<./figures//ch5f7.pdf, id=3127, 382.42876pt x 254.9525pt>
File: ./figures//ch5f7.pdf Graphic file (type pdf)
<use ./figures//ch5f7.pdf>
Package pdftex.def Info: ./figures//ch5f7.pdf  used on input line 3247.
(pdftex.def)             Requested size: 341.43306pt x 227.63448pt.
 [116
pdfTeX warning (ext4): destination with the same identifier (name{figure.5.6}) 
has been already used, duplicate ignored
<argument> ...shipout:D \box_use:N \l_shipout_box 
                                                  \__shipout_drop_firstpage_...
l.3276 \end{equation*}
                       <./figures//ch5f7.pdf>] [117]
<./figures//ch5f8.pdf, id=3188, 523.9575pt x 728.7225pt>
File: ./figures//ch5f8.pdf Graphic file (type pdf)
<use ./figures//ch5f8.pdf>
Package pdftex.def Info: ./figures//ch5f8.pdf  used on input line 3352.
(pdftex.def)             Requested size: 369.88582pt x 514.44995pt.
 [118] [119
pdfTeX warning (ext4): destination with the same identifier (name{figure.5.7}) 
has been already used, duplicate ignored
<argument> ...shipout:D \box_use:N \l_shipout_box 
                                                  \__shipout_drop_firstpage_...
l.3376 #
         Transform the points <./figures//ch5f8.pdf>]
<./figures//ch5f9.pdf, id=3260, 418.92508pt x 302.32951pt>
File: ./figures//ch5f9.pdf Graphic file (type pdf)
<use ./figures//ch5f9.pdf>
Package pdftex.def Info: ./figures//ch5f9.pdf  used on input line 3405.
(pdftex.def)             Requested size: 256.0748pt x 184.80823pt.

Overfull \hbox (4.71661pt too wide) in paragraph at lines 3405--3406
 [] 
 []

[120 <./figures//ch5f9.pdf>] [121]
Underfull \vbox (badness 10000) has occurred while \output is active []

 [122]
[123]
Overfull \hbox (4.71661pt too wide) in paragraph at lines 3561--3562
 [] 
 []

[124] [125] [126] [127] [128]
Underfull \vbox (badness 10000) has occurred while \output is active []

 [129]
[130]
<./figures//ch5f11.pdf, id=3721, 397.00319pt x 392.667pt>
File: ./figures//ch5f11.pdf Graphic file (type pdf)
<use ./figures//ch5f11.pdf>
Package pdftex.def Info: ./figures//ch5f11.pdf  used on input line 3877.
(pdftex.def)             Requested size: 142.26378pt x 140.70692pt.

Overfull \hbox (4.71661pt too wide) in paragraph at lines 3877--3878
 [] 
 []

[131 <./figures//ch5f11.pdf>]
<./figures//ch5f12.pdf, id=3765, 404.9529pt x 395.076pt>
File: ./figures//ch5f12.pdf Graphic file (type pdf)
<use ./figures//ch5f12.pdf>
Package pdftex.def Info: ./figures//ch5f12.pdf  used on input line 3903.
(pdftex.def)             Requested size: 142.26378pt x 138.7971pt.

Overfull \hbox (4.71661pt too wide) in paragraph at lines 3903--3904
 [] 
 []


Overfull \hbox (4.81813pt too wide) in paragraph at lines 3912--3913
[]\OT1/cmr/m/n/12 Figure 5.8 is a satel-lite im-age of the Sheep Moun-tain an-t
i-cline, Wyoming,
 []

<./figures//ch5f13.pdf, id=3767, 513.8397pt x 299.92049pt>
File: ./figures//ch5f13.pdf Graphic file (type pdf)
<use ./figures//ch5f13.pdf>
Package pdftex.def Info: ./figures//ch5f13.pdf  used on input line 3916.
(pdftex.def)             Requested size: 398.33858pt x 232.51376pt.

Overfull \hbox (8.33858pt too wide) in paragraph at lines 3916--3917
 [][] 
 []

[132 <./figures//ch5f12.pdf>] [133
pdfTeX warning (ext4): destination with the same identifier (name{figure.5.8}) 
has been already used, duplicate ignored
<argument> ...shipout:D \box_use:N \l_shipout_box 
                                                  \__shipout_drop_firstpage_...
l.3929     \end{enumerate}
                           <./figures//ch5f13.pdf>]
<./figures//ch5f14.pdf, id=3799, 280.88939pt x 423.50221pt>
File: ./figures//ch5f14.pdf Graphic file (type pdf)
<use ./figures//ch5f14.pdf>
Package pdftex.def Info: ./figures//ch5f14.pdf  used on input line 3943.
(pdftex.def)             Requested size: 195.0pt x 294.01329pt.
<./figures//ch5f15.pdf, id=3800, 727.71875pt x 519.9425pt>
File: ./figures//ch5f15.pdf Graphic file (type pdf)
<use ./figures//ch5f15.pdf>
Package pdftex.def Info: ./figures//ch5f15.pdf  used on input line 3950.
(pdftex.def)             Requested size: 384.1122pt x 274.44957pt.
 [134] [135
pdfTeX warning (ext4): destination with the same identifier (name{figure.5.9}) 
has been already used, duplicate ignored
<argument> ...shipout:D \box_use:N \l_shipout_box 
                                                  \__shipout_drop_firstpage_...
l.3969 
        <./figures//ch5f14.pdf>] [136
pdfTeX warning (ext4): destination with the same identifier (name{figure.5.10})
 has been already used, duplicate ignored
<argument> ...shipout:D \box_use:N \l_shipout_box 
                                                  \__shipout_drop_firstpage_...
l.3973         \item W
                      hat was the trend of the current direction responsible...
 <./figures//ch5f15.pdf>] [137] [138]
Chapter 6.
[139

]
<./figures//ch6f1.pdf, id=3854, 256.96pt x 193.72375pt>
File: ./figures//ch6f1.pdf Graphic file (type pdf)
<use ./figures//ch6f1.pdf>
Package pdftex.def Info: ./figures//ch6f1.pdf  used on input line 4042.
(pdftex.def)             Requested size: 256.95937pt x 193.72327pt.

Underfull \vbox (badness 10000) has occurred while \output is active []

 [140]
[141
pdfTeX warning (ext4): destination with the same identifier (name{figure.6.1}) 
has been already used, duplicate ignored
<argument> ...shipout:D \box_use:N \l_shipout_box 
                                                  \__shipout_drop_firstpage_...
l.4057 
        <./figures//ch6f1.pdf>] [142] [143]
<./figures//ch6f2.pdf, id=3914, 232.87pt x 221.82875pt>
File: ./figures//ch6f2.pdf Graphic file (type pdf)
<use ./figures//ch6f2.pdf>
Package pdftex.def Info: ./figures//ch6f2.pdf  used on input line 4158.
(pdftex.def)             Requested size: 232.86942pt x 221.82819pt.
 [144]
Underfull \vbox (badness 10000) has occurred while \output is active []

 [145
pdfTeX warning (ext4): destination with the same identifier (name{figure.6.2}) 
has been already used, duplicate ignored
<argument> ...shipout:D \box_use:N \l_shipout_box 
                                                  \__shipout_drop_firstpage_...
l.4192 \end{equation}
                      <./figures//ch6f2.pdf>]
<./figures//ch6f3.pdf, id=3960, 319.1925pt x 205.76875pt>
File: ./figures//ch6f3.pdf Graphic file (type pdf)
<use ./figures//ch6f3.pdf>
Package pdftex.def Info: ./figures//ch6f3.pdf  used on input line 4211.
(pdftex.def)             Requested size: 319.19171pt x 205.76823pt.
 [146
pdfTeX warning (ext4): destination with the same identifier (name{figure.6.3}) 
has been already used, duplicate ignored
<argument> ...shipout:D \box_use:N \l_shipout_box 
                                                  \__shipout_drop_firstpage_...
l.4216 
        <./figures//ch6f3.pdf>]
Overfull \hbox (11.65pt too wide) in paragraph at lines 4223--4224
\OT1/cmr/m/n/12 The so-lu-tion to this prob-lem is based on the least squares m
ethod (Charlesworth
 []

<./figures//ch6f4.pdf, id=3984, 235.88126pt x 237.88875pt>
File: ./figures//ch6f4.pdf Graphic file (type pdf)
<use ./figures//ch6f4.pdf>
Package pdftex.def Info: ./figures//ch6f4.pdf  used on input line 4227.
(pdftex.def)             Requested size: 235.88068pt x 237.88815pt.
[147] [148
pdfTeX warning (ext4): destination with the same identifier (name{figure.6.4}) 
has been already used, duplicate ignored
<argument> ...shipout:D \box_use:N \l_shipout_box 
                                                  \__shipout_drop_firstpage_...
l.4255 
        <./figures//ch6f4.pdf>] [149]
Underfull \vbox (badness 10000) has occurred while \output is active []

 [150]
Underfull \vbox (badness 10000) has occurred while \output is active []

 [151]
Underfull \vbox (badness 10000) has occurred while \output is active []

 [152]
[153]
<./figures//ch6f5.pdf, id=4275, 396.7623pt x 390.73979pt>
File: ./figures//ch6f5.pdf Graphic file (type pdf)
<use ./figures//ch6f5.pdf>
Package pdftex.def Info: ./figures//ch6f5.pdf  used on input line 4525.
(pdftex.def)             Requested size: 142.26378pt x 140.10576pt.

Overfull \hbox (4.71661pt too wide) in paragraph at lines 4525--4526
 [] 
 []


Underfull \vbox (badness 10000) has occurred while \output is active []

 [154 <./figures//ch6f5.pdf>]
<./figures//ch6f6.pdf, id=4311, 479.7925pt x 205.76875pt>
File: ./figures//ch6f6.pdf Graphic file (type pdf)
<use ./figures//ch6f6.pdf>
Package pdftex.def Info: ./figures//ch6f6.pdf  used on input line 4534.
(pdftex.def)             Requested size: 398.33858pt x 170.83824pt.

Overfull \hbox (8.33858pt too wide) in paragraph at lines 4534--4535
 [][] 
 []


Underfull \vbox (badness 3536) has occurred while \output is active []

 [155
pdfTeX warning (ext4): destination with the same identifier (name{figure.6.5}) 
has been already used, duplicate ignored
<argument> ...shipout:D \box_use:N \l_shipout_box 
                                                  \__shipout_drop_firstpage_...
l.4543 
        <./figures//ch6f6.pdf>] [156]
Underfull \vbox (badness 10000) has occurred while \output is active []

 [157]
<./figures//ch6f7.pdf, id=4411, 252.945pt x 310.0383pt>
File: ./figures//ch6f7.pdf Graphic file (type pdf)
<use ./figures//ch6f7.pdf>
Package pdftex.def Info: ./figures//ch6f7.pdf  used on input line 4644.
(pdftex.def)             Requested size: 214.50119pt x 262.92352pt.

[158
pdfTeX warning (ext4): destination with the same identifier (name{figure.6.6}) 
has been already used, duplicate ignored
<argument> ...shipout:D \box_use:N \l_shipout_box 
                                                  \__shipout_drop_firstpage_...
l.4653 #
         Import function fit_plane <./figures//ch6f7.pdf>]
Overfull \hbox (4.71661pt too wide) in paragraph at lines 4677--4678
 [] 
 []

[159]
<./figures//ch6f8.pdf, id=4473, 454.69875pt x 352.31625pt>
File: ./figures//ch6f8.pdf Graphic file (type pdf)
<use ./figures//ch6f8.pdf>
Package pdftex.def Info: ./figures//ch6f8.pdf  used on input line 4693.
(pdftex.def)             Requested size: 312.9803pt x 242.5125pt.
 [160
pdfTeX warning (ext4): destination with the same identifier (name{figure.6.7}) 
has been already used, duplicate ignored
<argument> ...shipout:D \box_use:N \l_shipout_box 
                                                  \__shipout_drop_firstpage_...
l.4700         \item P
                      lot histograms of the strike, and of the dip, for each...
 <./figures//ch6f8.pdf>] [161] [162

]
Chapter 7.
[163]

LaTeX Font Warning: Font shape `U/wasy/b/n' in size <8> not available
(Font)              Font shape `U/wasy/m/n' tried instead on input line 4749.


LaTeX Font Warning: Font shape `U/wasy/b/n' in size <6> not available
(Font)              Font shape `U/wasy/m/n' tried instead on input line 4749.

<./figures//ch7f1.pdf, id=4511, 268.00125pt x 273.02pt>
File: ./figures//ch7f1.pdf Graphic file (type pdf)
<use ./figures//ch7f1.pdf>
Package pdftex.def Info: ./figures//ch7f1.pdf  used on input line 4757.
(pdftex.def)             Requested size: 256.0748pt x 260.86726pt.
[164
pdfTeX warning (ext4): destination with the same identifier (name{figure.7.1}) 
has been already used, duplicate ignored
<argument> ...shipout:D \box_use:N \l_shipout_box 
                                                  \__shipout_drop_firstpage_...
l.4762 
        <./figures//ch7f1.pdf>]
<./figures//ch7f2.pdf, id=4534, 268.00125pt x 272.01625pt>
File: ./figures//ch7f2.pdf Graphic file (type pdf)
<use ./figures//ch7f2.pdf>
Package pdftex.def Info: ./figures//ch7f2.pdf  used on input line 4775.
(pdftex.def)             Requested size: 241.84842pt x 245.46815pt.
 [165
pdfTeX warning (ext4): destination with the same identifier (name{figure.7.2}) 
has been already used, duplicate ignored
<argument> ...shipout:D \box_use:N \l_shipout_box 
                                                  \__shipout_drop_firstpage_...
l.4780 
        <./figures//ch7f2.pdf>] [166] [167] [168]
Underfull \vbox (badness 10000) has occurred while \output is active []

 [169]
<./figures//ch7f3.pdf, id=4747, 268.00125pt x 272.01625pt>
File: ./figures//ch7f3.pdf Graphic file (type pdf)
<use ./figures//ch7f3.pdf>
Package pdftex.def Info: ./figures//ch7f3.pdf  used on input line 4975.
(pdftex.def)             Requested size: 241.84842pt x 245.46815pt.

[170
pdfTeX warning (ext4): destination with the same identifier (name{figure.7.3}) 
has been already used, duplicate ignored
<argument> ...shipout:D \box_use:N \l_shipout_box 
                                                  \__shipout_drop_firstpage_...
l.4992 	
        their orientations (trend and plunge) <./figures//ch7f3.pdf>]
Underfull \vbox (badness 10000) has occurred while \output is active []

 [171]
[172] [173]
Overfull \hbox (4.71661pt too wide) in paragraph at lines 5154--5155
 [] 
 []

[174]
<./figures//ch7f4.pdf, id=4934, 537.00626pt x 212.795pt>
File: ./figures//ch7f4.pdf Graphic file (type pdf)
<use ./figures//ch7f4.pdf>
Package pdftex.def Info: ./figures//ch7f4.pdf  used on input line 5174.
(pdftex.def)             Requested size: 426.79134pt x 169.1225pt.

Overfull \hbox (36.79134pt too wide) in paragraph at lines 5174--5175
 [][] 
 []

<./figures//ch7f5.pdf, id=4935, 489.83pt x 238.8925pt>
File: ./figures//ch7f5.pdf Graphic file (type pdf)
<use ./figures//ch7f5.pdf>
Package pdftex.def Info: ./figures//ch7f5.pdf  used on input line 5182.
(pdftex.def)             Requested size: 398.33858pt x 194.27464pt.

Overfull \hbox (8.33858pt too wide) in paragraph at lines 5182--5183
 [][] 
 []

[175
pdfTeX warning (ext4): destination with the same identifier (name{figure.7.4}) 
has been already used, duplicate ignored
<argument> ...shipout:D \box_use:N \l_shipout_box 
                                                  \__shipout_drop_firstpage_...
l.5188 
        <./figures//ch7f4.pdf>] [176
pdfTeX warning (ext4): destination with the same identifier (name{figure.7.5}) 
has been already used, duplicate ignored
<argument> ...shipout:D \box_use:N \l_shipout_box 
                                                  \__shipout_drop_firstpage_...
l.5199     \item T
                  riaxial stress: This is the most general type of stress. I...
 <./figures//ch7f5.pdf>]
<./figures//ch7f6.pdf, id=4998, 472.76625pt x 288.07625pt>
File: ./figures//ch7f6.pdf Graphic file (type pdf)
<use ./figures//ch7f6.pdf>
Package pdftex.def Info: ./figures//ch7f6.pdf  used on input line 5207.
(pdftex.def)             Requested size: 398.33858pt x 242.72964pt.

Overfull \hbox (8.33858pt too wide) in paragraph at lines 5207--5208
 [][] 
 []

[177
pdfTeX warning (ext4): destination with the same identifier (name{figure.7.6}) 
has been already used, duplicate ignored
<argument> ...shipout:D \box_use:N \l_shipout_box 
                                                  \__shipout_drop_firstpage_...
l.5214 
        <./figures//ch7f6.pdf>] [178]
<./figures//ch7f7.pdf, id=5023, 292.09125pt x 289.08pt>
File: ./figures//ch7f7.pdf Graphic file (type pdf)
<use ./figures//ch7f7.pdf>
Package pdftex.def Info: ./figures//ch7f7.pdf  used on input line 5237.
(pdftex.def)             Requested size: 227.62204pt x 225.28299pt.
 [179
pdfTeX warning (ext4): destination with the same identifier (name{figure.7.7}) 
has been already used, duplicate ignored
<argument> ...shipout:D \box_use:N \l_shipout_box 
                                                  \__shipout_drop_firstpage_...
l.5247     \item $
                  \mathbf{p}$, $\mathbf{t}$ and the maximum shear traction $...
 <./figures//ch7f7.pdf>] [180]
Underfull \vbox (badness 10000) has occurred while \output is active []

 [181]
[182] [183]
Underfull \vbox (badness 10000) has occurred while \output is active []

 [184]
<./figures//ch7f8.pdf, id=5275, 831.34589pt x 389.5353pt>
File: ./figures//ch7f8.pdf Graphic file (type pdf)
<use ./figures//ch7f8.pdf>
Package pdftex.def Info: ./figures//ch7f8.pdf  used on input line 5469.
(pdftex.def)             Requested size: 341.43306pt x 159.97797pt.

Overfull \hbox (4.71661pt too wide) in paragraph at lines 5469--5470
 [] 
 []

[185 <./figures//ch7f8.pdf>]
Underfull \vbox (badness 10000) has occurred while \output is active []

 [186]
Underfull \vbox (badness 10000) has occurred while \output is active []

 [187]
Underfull \vbox (badness 10000) has occurred while \output is active []

 [188]
[189]
<./figures//ch7f9a.png, id=5500, 532.99126pt x 227.85126pt>
File: ./figures//ch7f9a.png Graphic file (type png)
<use ./figures//ch7f9a.png>
Package pdftex.def Info: ./figures//ch7f9a.png  used on input line 5709.
(pdftex.def)             Requested size: 241.84842pt x 103.38739pt.
<./figures//ch7f9.pdf, id=5502, 414.58891pt x 293.1753pt>
File: ./figures//ch7f9.pdf Graphic file (type pdf)
<use ./figures//ch7f9.pdf>
Package pdftex.def Info: ./figures//ch7f9.pdf  used on input line 5709.
(pdftex.def)             Requested size: 241.84842pt x 171.02596pt.

Underfull \hbox (badness 10000) in paragraph at lines 5709--5709
[][]
 []


Overfull \hbox (4.71661pt too wide) in paragraph at lines 5709--5710
 [] 
 []

[190 <./figures//ch7f9a.png> <./figures//ch7f9.pdf>] [191]
<./figures//ch7f10.pdf, id=5546, 507.8975pt x 220.825pt>
File: ./figures//ch7f10.pdf Graphic file (type pdf)
<use ./figures//ch7f10.pdf>
Package pdftex.def Info: ./figures//ch7f10.pdf  used on input line 5731.
(pdftex.def)             Requested size: 369.88582pt x 160.82352pt.
 [192
pdfTeX warning (ext4): destination with the same identifier (name{figure.7.8}) 
has been already used, duplicate ignored
<argument> ...shipout:D \box_use:N \l_shipout_box 
                                                  \__shipout_drop_firstpage_...
l.5743 G
        ephart, J.W. 1990. Stress and the direction of slip on fault planes....
 <./figures//ch7f10.pdf>] [193] [194

]
Chapter 8.
<./figures//ch8f1.pdf, id=5593, 365.365pt x 417.56pt>
File: ./figures//ch8f1.pdf Graphic file (type pdf)
<use ./figures//ch8f1.pdf>
Package pdftex.def Info: ./figures//ch8f1.pdf  used on input line 5768.
(pdftex.def)             Requested size: 312.9803pt x 357.70561pt.
[195]
Underfull \vbox (badness 10000) has occurred while \output is active []

 [196
pdfTeX warning (ext4): destination with the same identifier (name{figure.8.1}) 
has been already used, duplicate ignored
<argument> ...shipout:D \box_use:N \l_shipout_box 
                                                  \__shipout_drop_firstpage_...
l.5780 \end{equation}
                      <./figures//ch8f1.pdf>] [197]
<./figures//ch8f2.pdf, id=5628, 265.99374pt x 327.2225pt>
File: ./figures//ch8f2.pdf Graphic file (type pdf)
<use ./figures//ch8f2.pdf>
Package pdftex.def Info: ./figures//ch8f2.pdf  used on input line 5817.
(pdftex.def)             Requested size: 199.16928pt x 245.02182pt.

Overfull \vbox (1.46568pt too high) has occurred while \output is active []


[198]
Underfull \vbox (badness 10000) has occurred while \output is active []

 [199
pdfTeX warning (ext4): destination with the same identifier (name{figure.8.2}) 
has been already used, duplicate ignored
<argument> ...shipout:D \box_use:N \l_shipout_box 
                                                  \__shipout_drop_firstpage_...
l.5854 \end{equation}
                      <./figures//ch8f2.pdf>]
Underfull \vbox (badness 2221) has occurred while \output is active []

 [200]
Underfull \vbox (badness 3229) has occurred while \output is active []

 [201
pdfTeX warning (ext4): destination with the same identifier (name{table.8.1}) h
as been already used, duplicate ignored
<argument> ...shipout:D \box_use:N \l_shipout_box 
                                                  \__shipout_drop_firstpage_...
l.5913 \begin{equation*}
                        ] [202] [203]
Underfull \vbox (badness 10000) has occurred while \output is active []

 [204]
<./figures//ch8f3.pdf, id=5767, 467.7475pt x 221.82875pt>
File: ./figures//ch8f3.pdf Graphic file (type pdf)
<use ./figures//ch8f3.pdf>
Package pdftex.def Info: ./figures//ch8f3.pdf  used on input line 6062.
(pdftex.def)             Requested size: 369.88582pt x 175.42555pt.

[205]
<./figures//ch8f4.pdf, id=5782, 530.98375pt x 155.58125pt>
File: ./figures//ch8f4.pdf Graphic file (type pdf)
<use ./figures//ch8f4.pdf>
Package pdftex.def Info: ./figures//ch8f4.pdf  used on input line 6080.
(pdftex.def)             Requested size: 369.88582pt x 108.37909pt.

Underfull \vbox (badness 10000) has occurred while \output is active []

 [206
pdfTeX warning (ext4): destination with the same identifier (name{figure.8.3}) 
has been already used, duplicate ignored
<argument> ...shipout:D \box_use:N \l_shipout_box 
                                                  \__shipout_drop_firstpage_...
l.6089 
        <./figures//ch8f3.pdf>]
<./figures//ch8f5.pdf, id=5819, 453.695pt x 198.7425pt>
File: ./figures//ch8f5.pdf Graphic file (type pdf)
<use ./figures//ch8f5.pdf>
Package pdftex.def Info: ./figures//ch8f5.pdf  used on input line 6092.
(pdftex.def)             Requested size: 341.43306pt x 149.56596pt.
 [207
pdfTeX warning (ext4): destination with the same identifier (name{figure.8.4}) 
has been already used, duplicate ignored
<argument> ...shipout:D \box_use:N \l_shipout_box 
                                                  \__shipout_drop_firstpage_...
l.6098 \begin{equation}
                       
pdfTeX warning (ext4): destination with the same identifier (name{figure.8.5}) 
has been already used, duplicate ignored
<argument> ...shipout:D \box_use:N \l_shipout_box 
                                                  \__shipout_drop_firstpage_...
l.6098 \begin{equation}
                        <./figures//ch8f4.pdf> <./figures//ch8f5.pdf>] [208]
Underfull \vbox (badness 10000) has occurred while \output is active []

 [209]
[210]
<./figures//ch8f6.pdf, id=6008, 399.6531pt x 394.83508pt>
File: ./figures//ch8f6.pdf Graphic file (type pdf)
<use ./figures//ch8f6.pdf>
Package pdftex.def Info: ./figures//ch8f6.pdf  used on input line 6261.
(pdftex.def)             Requested size: 142.26378pt x 140.54999pt.

Overfull \hbox (4.71661pt too wide) in paragraph at lines 6261--6262
 [] 
 []

[211 <./figures//ch8f6.pdf>]
<./figures//ch8f7.pdf, id=6039, 401.5pt x 190.7125pt>
File: ./figures//ch8f7.pdf Graphic file (type pdf)
<use ./figures//ch8f7.pdf>
Package pdftex.def Info: ./figures//ch8f7.pdf  used on input line 6272.
(pdftex.def)             Requested size: 284.52756pt x 135.15945pt.
 [212
pdfTeX warning (ext4): destination with the same identifier (name{figure.8.6}) 
has been already used, duplicate ignored
<argument> ...shipout:D \box_use:N \l_shipout_box 
                                                  \__shipout_drop_firstpage_...
l.6286 \end{equation}
                      <./figures//ch8f7.pdf>] [213] [214]
Underfull \vbox (badness 10000) has occurred while \output is active []

 [215]
Underfull \vbox (badness 10000) has occurred while \output is active []

 [216]
Underfull \vbox (badness 10000) has occurred while \output is active []

 [217]
Underfull \vbox (badness 10000) has occurred while \output is active []

 [218]
Underfull \vbox (badness 10000) has occurred while \output is active []

 [219]
[220]
<./figures//ch8f8.pdf, id=6413, 872.29887pt x 475.29568pt>
File: ./figures//ch8f8.pdf Graphic file (type pdf)
<use ./figures//ch8f8.pdf>
Package pdftex.def Info: ./figures//ch8f8.pdf  used on input line 6645.
(pdftex.def)             Requested size: 320.09349pt x 174.4134pt.

Overfull \hbox (4.71661pt too wide) in paragraph at lines 6645--6646
 [] 
 []

<./figures//ch8f9.pdf, id=6414, 873.74428pt x 471.20041pt>
File: ./figures//ch8f9.pdf Graphic file (type pdf)
<use ./figures//ch8f9.pdf>
Package pdftex.def Info: ./figures//ch8f9.pdf  used on input line 6660.
(pdftex.def)             Requested size: 320.09349pt x 172.62302pt.

Overfull \hbox (4.71661pt too wide) in paragraph at lines 6660--6661
 [] 
 []

[221 <./figures//ch8f8.pdf> <./figures//ch8f9.pdf>]
<./figures//ch8f10.pdf, id=6443, 878.08049pt x 483.00452pt>
File: ./figures//ch8f10.pdf Graphic file (type pdf)
<use ./figures//ch8f10.pdf>
Package pdftex.def Info: ./figures//ch8f10.pdf  used on input line 6674.
(pdftex.def)             Requested size: 320.09349pt x 176.07039pt.

Overfull \hbox (4.71661pt too wide) in paragraph at lines 6674--6675
 [] 
 []

[222 <./figures//ch8f10.pdf>] [223]
Overfull \hbox (30.1122pt too wide) in paragraph at lines 6748--6754
 [][] 
 []

[224
pdfTeX warning (ext4): destination with the same identifier (name{table.8.2}) h
as been already used, duplicate ignored
<argument> ...shipout:D \box_use:N \l_shipout_box 
                                                  \__shipout_drop_firstpage_...
l.6759 
       ] [225] [226] [227]
<./figures//ch8f11.pdf, id=6586, 521.95pt x 273.02pt>
File: ./figures//ch8f11.pdf Graphic file (type pdf)
<use ./figures//ch8f11.pdf>
Package pdftex.def Info: ./figures//ch8f11.pdf  used on input line 6905.
(pdftex.def)             Requested size: 384.1122pt x 200.9235pt.

Underfull \vbox (badness 10000) has occurred while \output is active []

 [228]
[229
pdfTeX warning (ext4): destination with the same identifier (name{figure.8.7}) 
has been already used, duplicate ignored
<argument> ...shipout:D \box_use:N \l_shipout_box 
                                                  \__shipout_drop_firstpage_...
l.6929 	
        of points with displacements in x and y. <./figures//ch8f11.pdf>]
Underfull \vbox (badness 10000) has occurred while \output is active []

 [230]
<./figures//ch8f12.pdf, id=6685, 827.97331pt x 470.4777pt>
File: ./figures//ch8f12.pdf Graphic file (type pdf)
<use ./figures//ch8f12.pdf>
Package pdftex.def Info: ./figures//ch8f12.pdf  used on input line 7011.
(pdftex.def)             Requested size: 341.43306pt x 194.00983pt.

Overfull \hbox (4.71661pt too wide) in paragraph at lines 7011--7012
 [] 
 []

[231 <./figures//ch8f12.pdf>]
Underfull \vbox (badness 2538) has occurred while \output is active []

 [232]
<./figures//ch8f13.pdf, id=6724, 497.86pt x 223.83624pt>
File: ./figures//ch8f13.pdf Graphic file (type pdf)
<use ./figures//ch8f13.pdf>
Package pdftex.def Info: ./figures//ch8f13.pdf  used on input line 7044.
(pdftex.def)             Requested size: 384.1122pt x 172.69939pt.

[233
pdfTeX warning (ext4): destination with the same identifier (name{figure.8.8}) 
has been already used, duplicate ignored
<argument> ...shipout:D \box_use:N \l_shipout_box 
                                                  \__shipout_drop_firstpage_...
l.7048 ...of the Green deformation tensor:\newpage
                                                   <./figures//ch8f13.pdf>]
Underfull \vbox (badness 10000) has occurred while \output is active []

 [234]
Underfull \vbox (badness 10000) has occurred while \output is active []

 [235]
<./figures//ch8f14.pdf, id=6863, 902.65233pt x 330.75569pt>
File: ./figures//ch8f14.pdf Graphic file (type pdf)
<use ./figures//ch8f14.pdf>
Package pdftex.def Info: ./figures//ch8f14.pdf  used on input line 7174.
(pdftex.def)             Requested size: 369.88582pt x 135.53499pt.

Overfull \hbox (4.71661pt too wide) in paragraph at lines 7174--7175
 [] 
 []

[236 <./figures//ch8f14.pdf>] [237]
Underfull \vbox (badness 10000) has occurred while \output is active []

 [238]
<./figures//ch8f15.pdf, id=6985, 903.13411pt x 327.86491pt>
File: ./figures//ch8f15.pdf Graphic file (type pdf)
<use ./figures//ch8f15.pdf>
Package pdftex.def Info: ./figures//ch8f15.pdf  used on input line 7313.
(pdftex.def)             Requested size: 369.88582pt x 134.2804pt.

Overfull \hbox (4.71661pt too wide) in paragraph at lines 7313--7314
 [] 
 []

[239 <./figures//ch8f15.pdf>] [240]
Underfull \vbox (badness 10000) has occurred while \output is active []

 [241]
Underfull \vbox (badness 10000) has occurred while \output is active []

 [242]
<./figures//ch8f16.pdf, id=7141, 912.2883pt x 330.27391pt>
File: ./figures//ch8f16.pdf Graphic file (type pdf)
<use ./figures//ch8f16.pdf>
Package pdftex.def Info: ./figures//ch8f16.pdf  used on input line 7493.
(pdftex.def)             Requested size: 369.88582pt x 133.90634pt.

Overfull \hbox (4.71661pt too wide) in paragraph at lines 7493--7494
 [] 
 []

[243]
<./figures//ch8f17.pdf, id=7187, 914.69733pt x 330.75569pt>
File: ./figures//ch8f17.pdf Graphic file (type pdf)
<use ./figures//ch8f17.pdf>
Package pdftex.def Info: ./figures//ch8f17.pdf  used on input line 7507.
(pdftex.def)             Requested size: 369.88582pt x 133.74838pt.

Overfull \hbox (4.71661pt too wide) in paragraph at lines 7507--7508
 [] 
 []

[244 <./figures//ch8f16.pdf> <./figures//ch8f17.pdf>] [245]
Underfull \vbox (badness 10000) has occurred while \output is active []

 [246]
[247] [248

]
Chapter 9.
[249]
<./figures//ch9f1.pdf, id=7239, 377.41pt x 204.765pt>
File: ./figures//ch9f1.pdf Graphic file (type pdf)
<use ./figures//ch9f1.pdf>
Package pdftex.def Info: ./figures//ch9f1.pdf  used on input line 7586.
(pdftex.def)             Requested size: 369.88582pt x 200.68393pt.
 [250
pdfTeX warning (ext4): destination with the same identifier (name{figure.9.1}) 
has been already used, duplicate ignored
<argument> ...shipout:D \box_use:N \l_shipout_box 
                                                  \__shipout_drop_firstpage_...
l.7594 \begin{equation}
                       \label{eq9.1} <./figures//ch9f1.pdf>]
<./figures//ch9f2.pdf, id=7254, 523.9575pt x 301.125pt>
File: ./figures//ch9f2.pdf Graphic file (type pdf)
<use ./figures//ch9f2.pdf>
Package pdftex.def Info: ./figures//ch9f2.pdf  used on input line 7611.
(pdftex.def)             Requested size: 398.33858pt x 228.93547pt.

Overfull \hbox (8.33858pt too wide) in paragraph at lines 7611--7612
 [][] 
 []

[251
pdfTeX warning (ext4): destination with the same identifier (name{figure.9.2}) 
has been already used, duplicate ignored
<argument> ...shipout:D \box_use:N \l_shipout_box 
                                                  \__shipout_drop_firstpage_...
l.7616 
        <./figures//ch9f2.pdf>]
Underfull \vbox (badness 10000) has occurred while \output is active []

 [252]
[253] [254]
<./figures//ch9f3.pdf, id=7307, 513.92pt x 320.19624pt>
File: ./figures//ch9f3.pdf Graphic file (type pdf)
<use ./figures//ch9f3.pdf>
Package pdftex.def Info: ./figures//ch9f3.pdf  used on input line 7690.
(pdftex.def)             Requested size: 398.33858pt x 248.1886pt.

Overfull \hbox (8.33858pt too wide) in paragraph at lines 7690--7691
 [][] 
 []

[255
pdfTeX warning (ext4): destination with the same identifier (name{figure.9.3}) 
has been already used, duplicate ignored
<argument> ...shipout:D \box_use:N \l_shipout_box 
                                                  \__shipout_drop_firstpage_...
l.7695 
        <./figures//ch9f3.pdf>]
Overfull \hbox (25.69308pt too wide) detected at line 7701
[][][][][]
 []

[256]
Underfull \vbox (badness 10000) has occurred while \output is active []

 [257]
[258]
<./figures//ch9f4.pdf, id=7466, 624.6537pt x 633.8079pt>
File: ./figures//ch9f4.pdf Graphic file (type pdf)
<use ./figures//ch9f4.pdf>
Package pdftex.def Info: ./figures//ch9f4.pdf  used on input line 7856.
(pdftex.def)             Requested size: 341.43306pt x 346.44844pt.

Overfull \hbox (4.71661pt too wide) in paragraph at lines 7856--7857
 [] 
 []

[259 <./figures//ch9f4.pdf>]
<./figures//ch9f5.pdf, id=7489, 489.83pt x 273.02pt>
File: ./figures//ch9f5.pdf Graphic file (type pdf)
<use ./figures//ch9f5.pdf>
Package pdftex.def Info: ./figures//ch9f5.pdf  used on input line 7865.
(pdftex.def)             Requested size: 398.33858pt x 222.02817pt.

Overfull \hbox (8.33858pt too wide) in paragraph at lines 7865--7866
 [][] 
 []

[260
pdfTeX warning (ext4): destination with the same identifier (name{figure.9.4}) 
has been already used, duplicate ignored
<argument> ...shipout:D \box_use:N \l_shipout_box 
                                                  \__shipout_drop_firstpage_...
l.7872 
        <./figures//ch9f5.pdf>]
<./figures//ch9f6.pdf, id=7523, 452.69125pt x 229.85875pt>
File: ./figures//ch9f6.pdf Graphic file (type pdf)
<use ./figures//ch9f6.pdf>
Package pdftex.def Info: ./figures//ch9f6.pdf  used on input line 7875.
(pdftex.def)             Requested size: 398.33858pt x 202.25877pt.

Overfull \hbox (8.33858pt too wide) in paragraph at lines 7875--7876
 [][] 
 []

[261
pdfTeX warning (ext4): destination with the same identifier (name{figure.9.5}) 
has been already used, duplicate ignored
<argument> ...shipout:D \box_use:N \l_shipout_box 
                                                  \__shipout_drop_firstpage_...
l.7882 
        <./figures//ch9f6.pdf>] [262] [263]
Underfull \vbox (badness 10000) has occurred while \output is active []

 [264]
[265]
<./figures//ch9f7.pdf, id=7704, 652.59807pt x 506.13089pt>
File: ./figures//ch9f7.pdf Graphic file (type pdf)
<use ./figures//ch9f7.pdf>
Package pdftex.def Info: ./figures//ch9f7.pdf  used on input line 8091.
(pdftex.def)             Requested size: 298.75394pt x 231.7032pt.

Overfull \hbox (4.71661pt too wide) in paragraph at lines 8091--8092
 [] 
 []

[266 <./figures//ch9f7.pdf>]
<./figures//ch9f8.pdf, id=7736, 477.785pt x 328.22626pt>
File: ./figures//ch9f8.pdf Graphic file (type pdf)
<use ./figures//ch9f8.pdf>
Package pdftex.def Info: ./figures//ch9f8.pdf  used on input line 8100.
(pdftex.def)             Requested size: 398.33858pt x 273.64975pt.

Overfull \hbox (8.33858pt too wide) in paragraph at lines 8100--8101
 [][] 
 []


Underfull \vbox (badness 1048) has occurred while \output is active []

 [267
pdfTeX warning (ext4): destination with the same identifier (name{figure.9.6}) 
has been already used, duplicate ignored
<argument> ...shipout:D \box_use:N \l_shipout_box 
                                                  \__shipout_drop_firstpage_...
l.8105 
        <./figures//ch9f8.pdf>]
Overfull \hbox (19.51062pt too wide) detected at line 8110
[][][][]
 []

[268] [269]
Underfull \vbox (badness 10000) has occurred while \output is active []

 [270]
[271]
<./figures//ch9f9.pdf, id=7887, 418.92508pt x 329.7921pt>
File: ./figures//ch9f9.pdf Graphic file (type pdf)
<use ./figures//ch9f9.pdf>
Package pdftex.def Info: ./figures//ch9f9.pdf  used on input line 8280.
(pdftex.def)             Requested size: 227.62204pt x 179.19215pt.

Overfull \hbox (4.71661pt too wide) in paragraph at lines 8280--8281
 [] 
 []


Underfull \vbox (badness 10000) has occurred while \output is active []

 [272]
<./figures//ch9f10.pdf, id=7919, 428.07932pt x 333.16472pt>
File: ./figures//ch9f10.pdf Graphic file (type pdf)
<use ./figures//ch9f10.pdf>
Package pdftex.def Info: ./figures//ch9f10.pdf  used on input line 8310.
(pdftex.def)             Requested size: 227.62204pt x 177.15091pt.

Overfull \hbox (4.71661pt too wide) in paragraph at lines 8310--8311
 [] 
 []


Underfull \vbox (badness 3657) has occurred while \output is active []

 [273 <./figures//ch9f9.pdf>] [274 <./figures//ch9f10.pdf>]
<./figures//ch9f11.pdf, id=7978, 430.9701pt x 329.31029pt>
File: ./figures//ch9f11.pdf Graphic file (type pdf)
<use ./figures//ch9f11.pdf>
Package pdftex.def Info: ./figures//ch9f11.pdf  used on input line 8351.
(pdftex.def)             Requested size: 227.62204pt x 173.9256pt.

Overfull \hbox (4.71661pt too wide) in paragraph at lines 8351--8352
 [] 
 []

[275 <./figures//ch9f11.pdf>] [276] [277]
<./figures//ch9f12.pdf, id=8036, 903.13411pt x 438.67891pt>
File: ./figures//ch9f12.pdf Graphic file (type pdf)
<use ./figures//ch9f12.pdf>
Package pdftex.def Info: ./figures//ch9f12.pdf  used on input line 8463.
(pdftex.def)             Requested size: 341.43306pt x 165.84291pt.

Overfull \hbox (4.71661pt too wide) in paragraph at lines 8463--8464
 [] 
 []

[278 <./figures//ch9f12.pdf>]
<./figures//ch9f13.pdf, id=8064, 518.17589pt x 390.25798pt>
File: ./figures//ch9f13.pdf Graphic file (type pdf)
<use ./figures//ch9f13.pdf>
Package pdftex.def Info: ./figures//ch9f13.pdf  used on input line 8491.
(pdftex.def)             Requested size: 284.52756pt x 214.29121pt.

Overfull \hbox (4.71661pt too wide) in paragraph at lines 8491--8492
 [] 
 []

[279 <./figures//ch9f13.pdf>] [280]
Overfull \hbox (4.71661pt too wide) in paragraph at lines 8555--8556
 [] 
 []


Underfull \hbox (badness 10000) in paragraph at lines 8558--8559

 []

<./figures//ch9f14.pdf, id=8140, 949.14598pt x 408.8073pt>
File: ./figures//ch9f14.pdf Graphic file (type pdf)
<use ./figures//ch9f14.pdf>
Package pdftex.def Info: ./figures//ch9f14.pdf  used on input line 8589.
(pdftex.def)             Requested size: 369.88582pt x 159.31567pt.

Overfull \hbox (4.71661pt too wide) in paragraph at lines 8589--8590
 [] 
 []


Underfull \vbox (badness 1521) has occurred while \output is active []

 [281]
[282 <./figures//ch9f14.pdf>]
<./figures//ch9f15.pdf, id=8210, 754.73969pt x 725.8317pt>
File: ./figures//ch9f15.pdf Graphic file (type pdf)
<use ./figures//ch9f15.pdf>
Package pdftex.def Info: ./figures//ch9f15.pdf  used on input line 8633.
(pdftex.def)             Requested size: 369.88582pt x 355.7271pt.

Overfull \hbox (4.71661pt too wide) in paragraph at lines 8633--8634
 [] 
 []


Overfull \hbox (3.53572pt too wide) detected at line 8643
[][][]\OML/cmm/m/it/12 ^^[[] \OT1/cmr/m/n/12 = []
 []


Underfull \vbox (badness 2426) has occurred while \output is active []

 [283 <./figures//ch9f15.pdf>]
<./figures//ch9f16.pdf, id=8227, 258.9675pt x 271.0125pt>
File: ./figures//ch9f16.pdf Graphic file (type pdf)
<use ./figures//ch9f16.pdf>
Package pdftex.def Info: ./figures//ch9f16.pdf  used on input line 8655.
(pdftex.def)             Requested size: 227.62204pt x 238.2188pt.
 [284
pdfTeX warning (ext4): destination with the same identifier (name{figure.9.7}) 
has been already used, duplicate ignored
<argument> ...shipout:D \box_use:N \l_shipout_box 
                                                  \__shipout_drop_firstpage_...
l.8662 
        <./figures//ch9f16.pdf>]
Overfull \hbox (48.89334pt too wide) detected at line 8716
[][][][]
 []

[285] [286] [287] [288] (compgeo_main.aux)
Package rerunfilecheck Info: File `compgeo_main.out' has not changed.
(rerunfilecheck)             Checksum: E39C3DC77E8A7E102301D122DA814842;18383.
 ) 
Here is how much of TeX's memory you used:
 24675 strings out of 476374
 444317 string characters out of 5786022
 2400340 words of memory out of 5000000
 39299 multiletter control sequences out of 15000+600000
 532324 words of font info for 102 fonts, out of 8000000 for 9000
 1141 hyphenation exceptions out of 8191
 75i,17n,76p,1361b,2660s stack positions out of 10000i,1000n,20000p,200000b,200000s
 <C:\Users\AlexAntunes\AppData\Local\MiKTeX\fonts/pk/ljfour/jknappen/ec/dpi60
0\tctt1000.pk> <C:\Users\AlexAntunes\AppData\Local\MiKTeX\fonts/pk/ljfour/jknap
pen/ec/dpi600\tcrm1200.pk><C:/Users/AlexAntunes/AppData/Local/Programs/MiKTeX/f
onts/type1/public/amsfonts/cmextra/cmbsy8.pfb><C:/Users/AlexAntunes/AppData/Loc
al/Programs/MiKTeX/fonts/type1/public/amsfonts/cm/cmbx10.pfb><C:/Users/AlexAntu
nes/AppData/Local/Programs/MiKTeX/fonts/type1/public/amsfonts/cm/cmbx12.pfb><C:
/Users/AlexAntunes/AppData/Local/Programs/MiKTeX/fonts/type1/public/amsfonts/cm
/cmbx7.pfb><C:/Users/AlexAntunes/AppData/Local/Programs/MiKTeX/fonts/type1/publ
ic/amsfonts/cm/cmbx8.pfb><C:/Users/AlexAntunes/AppData/Local/Programs/MiKTeX/fo
nts/type1/public/amsfonts/cm/cmex10.pfb><C:/Users/AlexAntunes/AppData/Local/Pro
grams/MiKTeX/fonts/type1/public/amsfonts/cmextra/cmex8.pfb><C:/Users/AlexAntune
s/AppData/Local/Programs/MiKTeX/fonts/type1/public/amsfonts/cm/cmmi10.pfb><C:/U
sers/AlexAntunes/AppData/Local/Programs/MiKTeX/fonts/type1/public/amsfonts/cm/c
mmi12.pfb><C:/Users/AlexAntunes/AppData/Local/Programs/MiKTeX/fonts/type1/publi
c/amsfonts/cm/cmmi6.pfb><C:/Users/AlexAntunes/AppData/Local/Programs/MiKTeX/fon
ts/type1/public/amsfonts/cm/cmmi7.pfb><C:/Users/AlexAntunes/AppData/Local/Progr
ams/MiKTeX/fonts/type1/public/amsfonts/cm/cmmi8.pfb><C:/Users/AlexAntunes/AppDa
ta/Local/Programs/MiKTeX/fonts/type1/public/amsfonts/cm/cmmib10.pfb><C:/Users/A
lexAntunes/AppData/Local/Programs/MiKTeX/fonts/type1/public/amsfonts/cm/cmr10.p
fb><C:/Users/AlexAntunes/AppData/Local/Programs/MiKTeX/fonts/type1/public/amsfo
nts/cm/cmr12.pfb><C:/Users/AlexAntunes/AppData/Local/Programs/MiKTeX/fonts/type
1/public/amsfonts/cm/cmr17.pfb><C:/Users/AlexAntunes/AppData/Local/Programs/MiK
TeX/fonts/type1/public/amsfonts/cm/cmr6.pfb><C:/Users/AlexAntunes/AppData/Local
/Programs/MiKTeX/fonts/type1/public/amsfonts/cm/cmr7.pfb><C:/Users/AlexAntunes/
AppData/Local/Programs/MiKTeX/fonts/type1/public/amsfonts/cm/cmr8.pfb><C:/Users
/AlexAntunes/AppData/Local/Programs/MiKTeX/fonts/type1/public/amsfonts/cm/cmsl1
2.pfb><C:/Users/AlexAntunes/AppData/Local/Programs/MiKTeX/fonts/type1/public/am
sfonts/cm/cmsy10.pfb><C:/Users/AlexAntunes/AppData/Local/Programs/MiKTeX/fonts/
type1/public/amsfonts/cm/cmsy6.pfb><C:/Users/AlexAntunes/AppData/Local/Programs
/MiKTeX/fonts/type1/public/amsfonts/cm/cmsy8.pfb><C:/Users/AlexAntunes/AppData/
Local/Programs/MiKTeX/fonts/type1/public/amsfonts/cm/cmti12.pfb><C:/Users/AlexA
ntunes/AppData/Local/Programs/MiKTeX/fonts/type1/public/amsfonts/cm/cmtt10.pfb>
<C:/Users/AlexAntunes/AppData/Local/Programs/MiKTeX/fonts/type1/public/amsfonts
/cm/cmtt12.pfb>
Output written on compgeo_main.pdf (289 pages, 19478172 bytes).
PDF statistics:
 9494 PDF objects out of 10688 (max. 8388607)
 5425 named destinations out of 6186 (max. 500000)
 1413 words of extra memory for PDF output out of 10000 (max. 10000000)

